2025-10-21 02:16:00,923 - Namespace(data_dir='./data/', output_dir='output/', data_name='LastFM', do_eval=False, load_model=None, train_name='WEARec_K_50_LastFM_0.5_0.001_0.3_2.log', num_items=10, num_users=1091, lr=0.001, batch_size=256, epochs=200, no_cuda=False, log_freq=1, patience=10, num_workers=0, seed=42, weight_decay=0.0, adam_beta1=0.9, adam_beta2=0.999, gpu_id='0', variance=5, model_type='WEARec', max_seq_length=50, hidden_size=64, num_hidden_layers=2, hidden_act='gelu', num_attention_heads=2, attention_probs_dropout_prob=0.5, hidden_dropout_prob=0.5, initializer_range=0.02, num_heads=2, alpha=0.3, cuda_condition=True, data_file='./data/LastFM.txt', item_size=3647, checkpoint_path='output/WEARec_K_50_LastFM_0.5_0.001_0.3_2.log.pt', same_target_path='./data/LastFM_same_target.npy')
2025-10-21 02:16:00,932 - WEARecModel(
  (item_embeddings): Embedding(3647, 64, padding_idx=0)
  (position_embeddings): Embedding(50, 64)
  (LayerNorm): LayerNorm()
  (dropout): Dropout(p=0.5, inplace=False)
  (item_encoder): WEARecEncoder(
    (blocks): ModuleList(
      (0-1): 2 x WEARecBlock(
        (layer): WEARecLayer(
          (adaptive_mlp): Sequential(
            (0): Linear(in_features=64, out_features=64, bias=True)
            (1): GELU(approximate='none')
            (2): Linear(in_features=64, out_features=104, bias=True)
          )
          (out_dropout): Dropout(p=0.5, inplace=False)
          (LayerNorm): LayerNorm()
        )
        (feed_forward): FeedForward(
          (dense_1): Linear(in_features=64, out_features=256, bias=True)
          (dense_2): Linear(in_features=256, out_features=64, bias=True)
          (LayerNorm): LayerNorm()
          (dropout): Dropout(p=0.5, inplace=False)
        )
      )
    )
  )
)
2025-10-21 02:16:05,184 - Total Parameters: 328674
2025-10-21 02:16:08,073 - {'epoch': 0, 'rec_loss': '7.9697'}
2025-10-21 02:16:08,293 - {'Epoch': 0, 'HR@5': '0.0239', 'NDCG@5': '0.0141', 'HR@10': '0.0376', 'NDCG@10': '0.0184', 'HR@20': '0.0596', 'NDCG@20': '0.0238'}
2025-10-21 02:16:08,294 - Validation score increased.  Saving model ...
2025-10-21 02:16:10,305 - {'epoch': 1, 'rec_loss': '7.6658'}
2025-10-21 02:16:10,470 - {'Epoch': 1, 'HR@5': '0.0183', 'NDCG@5': '0.0126', 'HR@10': '0.0312', 'NDCG@10': '0.0169', 'HR@20': '0.0532', 'NDCG@20': '0.0225'}
2025-10-21 02:16:10,470 - EarlyStopping counter: 1 out of 10
2025-10-21 02:16:12,292 - {'epoch': 2, 'rec_loss': '7.4460'}
2025-10-21 02:16:12,466 - {'Epoch': 2, 'HR@5': '0.0257', 'NDCG@5': '0.0174', 'HR@10': '0.0440', 'NDCG@10': '0.0233', 'HR@20': '0.0679', 'NDCG@20': '0.0292'}
2025-10-21 02:16:12,467 - Validation score increased.  Saving model ...
2025-10-21 02:16:14,787 - {'epoch': 3, 'rec_loss': '7.2067'}
2025-10-21 02:16:14,973 - {'Epoch': 3, 'HR@5': '0.0413', 'NDCG@5': '0.0257', 'HR@10': '0.0532', 'NDCG@10': '0.0295', 'HR@20': '0.0835', 'NDCG@20': '0.0371'}
2025-10-21 02:16:14,973 - Validation score increased.  Saving model ...
2025-10-21 02:16:17,330 - {'epoch': 4, 'rec_loss': '6.9579'}
2025-10-21 02:16:17,487 - {'Epoch': 4, 'HR@5': '0.0394', 'NDCG@5': '0.0240', 'HR@10': '0.0688', 'NDCG@10': '0.0333', 'HR@20': '0.0972', 'NDCG@20': '0.0405'}
2025-10-21 02:16:17,488 - Validation score increased.  Saving model ...
2025-10-21 02:16:19,770 - {'epoch': 5, 'rec_loss': '6.7248'}
2025-10-21 02:16:19,928 - {'Epoch': 5, 'HR@5': '0.0450', 'NDCG@5': '0.0288', 'HR@10': '0.0734', 'NDCG@10': '0.0381', 'HR@20': '0.1055', 'NDCG@20': '0.0460'}
2025-10-21 02:16:19,928 - Validation score increased.  Saving model ...
2025-10-21 02:16:22,253 - {'epoch': 6, 'rec_loss': '6.4963'}
2025-10-21 02:16:22,423 - {'Epoch': 6, 'HR@5': '0.0523', 'NDCG@5': '0.0320', 'HR@10': '0.0743', 'NDCG@10': '0.0389', 'HR@20': '0.1211', 'NDCG@20': '0.0505'}
2025-10-21 02:16:22,424 - Validation score increased.  Saving model ...
2025-10-21 02:16:24,901 - {'epoch': 7, 'rec_loss': '6.2968'}
2025-10-21 02:16:25,094 - {'Epoch': 7, 'HR@5': '0.0486', 'NDCG@5': '0.0321', 'HR@10': '0.0780', 'NDCG@10': '0.0413', 'HR@20': '0.1220', 'NDCG@20': '0.0523'}
2025-10-21 02:16:25,095 - Validation score increased.  Saving model ...
2025-10-21 02:16:27,537 - {'epoch': 8, 'rec_loss': '6.1204'}
2025-10-21 02:16:27,712 - {'Epoch': 8, 'HR@5': '0.0514', 'NDCG@5': '0.0332', 'HR@10': '0.0789', 'NDCG@10': '0.0418', 'HR@20': '0.1202', 'NDCG@20': '0.0521'}
2025-10-21 02:16:27,713 - EarlyStopping counter: 1 out of 10
2025-10-21 02:16:30,083 - {'epoch': 9, 'rec_loss': '5.9808'}
2025-10-21 02:16:30,255 - {'Epoch': 9, 'HR@5': '0.0541', 'NDCG@5': '0.0366', 'HR@10': '0.0817', 'NDCG@10': '0.0456', 'HR@20': '0.1266', 'NDCG@20': '0.0568'}
2025-10-21 02:16:30,256 - Validation score increased.  Saving model ...
2025-10-21 02:16:32,858 - {'epoch': 10, 'rec_loss': '5.8392'}
2025-10-21 02:16:33,042 - {'Epoch': 10, 'HR@5': '0.0486', 'NDCG@5': '0.0342', 'HR@10': '0.0798', 'NDCG@10': '0.0443', 'HR@20': '0.1275', 'NDCG@20': '0.0563'}
2025-10-21 02:16:33,043 - EarlyStopping counter: 1 out of 10
2025-10-21 02:16:35,521 - {'epoch': 11, 'rec_loss': '5.7289'}
2025-10-21 02:16:35,688 - {'Epoch': 11, 'HR@5': '0.0541', 'NDCG@5': '0.0385', 'HR@10': '0.0835', 'NDCG@10': '0.0481', 'HR@20': '0.1413', 'NDCG@20': '0.0627'}
2025-10-21 02:16:35,688 - Validation score increased.  Saving model ...
2025-10-21 02:16:38,001 - {'epoch': 12, 'rec_loss': '5.6467'}
2025-10-21 02:16:38,175 - {'Epoch': 12, 'HR@5': '0.0523', 'NDCG@5': '0.0378', 'HR@10': '0.0826', 'NDCG@10': '0.0475', 'HR@20': '0.1339', 'NDCG@20': '0.0604'}
2025-10-21 02:16:38,176 - EarlyStopping counter: 1 out of 10
2025-10-21 02:16:40,376 - {'epoch': 13, 'rec_loss': '5.5665'}
2025-10-21 02:16:40,542 - {'Epoch': 13, 'HR@5': '0.0615', 'NDCG@5': '0.0407', 'HR@10': '0.0972', 'NDCG@10': '0.0523', 'HR@20': '0.1349', 'NDCG@20': '0.0617'}
2025-10-21 02:16:40,542 - EarlyStopping counter: 2 out of 10
2025-10-21 02:16:42,896 - {'epoch': 14, 'rec_loss': '5.5029'}
2025-10-21 02:16:43,081 - {'Epoch': 14, 'HR@5': '0.0541', 'NDCG@5': '0.0351', 'HR@10': '0.0899', 'NDCG@10': '0.0466', 'HR@20': '0.1450', 'NDCG@20': '0.0606'}
2025-10-21 02:16:43,081 - EarlyStopping counter: 3 out of 10
2025-10-21 02:16:45,519 - {'epoch': 15, 'rec_loss': '5.4501'}
2025-10-21 02:16:45,692 - {'Epoch': 15, 'HR@5': '0.0587', 'NDCG@5': '0.0372', 'HR@10': '0.0954', 'NDCG@10': '0.0492', 'HR@20': '0.1367', 'NDCG@20': '0.0596'}
2025-10-21 02:16:45,693 - EarlyStopping counter: 4 out of 10
2025-10-21 02:16:48,192 - {'epoch': 16, 'rec_loss': '5.4068'}
2025-10-21 02:16:48,365 - {'Epoch': 16, 'HR@5': '0.0615', 'NDCG@5': '0.0407', 'HR@10': '0.1028', 'NDCG@10': '0.0539', 'HR@20': '0.1376', 'NDCG@20': '0.0624'}
2025-10-21 02:16:48,366 - EarlyStopping counter: 5 out of 10
2025-10-21 02:16:50,701 - {'epoch': 17, 'rec_loss': '5.3673'}
2025-10-21 02:16:50,867 - {'Epoch': 17, 'HR@5': '0.0560', 'NDCG@5': '0.0382', 'HR@10': '0.0945', 'NDCG@10': '0.0505', 'HR@20': '0.1413', 'NDCG@20': '0.0623'}
2025-10-21 02:16:50,868 - EarlyStopping counter: 6 out of 10
2025-10-21 02:16:53,264 - {'epoch': 18, 'rec_loss': '5.3242'}
2025-10-21 02:16:53,433 - {'Epoch': 18, 'HR@5': '0.0624', 'NDCG@5': '0.0417', 'HR@10': '0.0982', 'NDCG@10': '0.0533', 'HR@20': '0.1431', 'NDCG@20': '0.0646'}
2025-10-21 02:16:53,434 - Validation score increased.  Saving model ...
2025-10-21 02:16:55,960 - {'epoch': 19, 'rec_loss': '5.3082'}
2025-10-21 02:16:56,127 - {'Epoch': 19, 'HR@5': '0.0679', 'NDCG@5': '0.0442', 'HR@10': '0.0991', 'NDCG@10': '0.0541', 'HR@20': '0.1532', 'NDCG@20': '0.0676'}
2025-10-21 02:16:56,127 - Validation score increased.  Saving model ...
2025-10-21 02:16:58,455 - {'epoch': 20, 'rec_loss': '5.2726'}
2025-10-21 02:16:58,620 - {'Epoch': 20, 'HR@5': '0.0578', 'NDCG@5': '0.0372', 'HR@10': '0.0954', 'NDCG@10': '0.0492', 'HR@20': '0.1431', 'NDCG@20': '0.0612'}
2025-10-21 02:16:58,620 - EarlyStopping counter: 1 out of 10
2025-10-21 02:17:01,075 - {'epoch': 21, 'rec_loss': '5.2435'}
2025-10-21 02:17:01,246 - {'Epoch': 21, 'HR@5': '0.0606', 'NDCG@5': '0.0406', 'HR@10': '0.0936', 'NDCG@10': '0.0512', 'HR@20': '0.1422', 'NDCG@20': '0.0634'}
2025-10-21 02:17:01,247 - EarlyStopping counter: 2 out of 10
2025-10-21 02:17:03,874 - {'epoch': 22, 'rec_loss': '5.2259'}
2025-10-21 02:17:04,043 - {'Epoch': 22, 'HR@5': '0.0596', 'NDCG@5': '0.0419', 'HR@10': '0.0963', 'NDCG@10': '0.0538', 'HR@20': '0.1413', 'NDCG@20': '0.0652'}
2025-10-21 02:17:04,044 - EarlyStopping counter: 3 out of 10
2025-10-21 02:17:06,312 - {'epoch': 23, 'rec_loss': '5.1942'}
2025-10-21 02:17:06,474 - {'Epoch': 23, 'HR@5': '0.0706', 'NDCG@5': '0.0445', 'HR@10': '0.0991', 'NDCG@10': '0.0537', 'HR@20': '0.1431', 'NDCG@20': '0.0647'}
2025-10-21 02:17:06,475 - EarlyStopping counter: 4 out of 10
2025-10-21 02:17:08,795 - {'epoch': 24, 'rec_loss': '5.1868'}
2025-10-21 02:17:08,978 - {'Epoch': 24, 'HR@5': '0.0661', 'NDCG@5': '0.0423', 'HR@10': '0.1046', 'NDCG@10': '0.0545', 'HR@20': '0.1514', 'NDCG@20': '0.0662'}
2025-10-21 02:17:08,979 - EarlyStopping counter: 5 out of 10
2025-10-21 02:17:11,385 - {'epoch': 25, 'rec_loss': '5.1605'}
2025-10-21 02:17:11,560 - {'Epoch': 25, 'HR@5': '0.0596', 'NDCG@5': '0.0389', 'HR@10': '0.1018', 'NDCG@10': '0.0524', 'HR@20': '0.1532', 'NDCG@20': '0.0654'}
2025-10-21 02:17:11,560 - EarlyStopping counter: 6 out of 10
2025-10-21 02:17:13,969 - {'epoch': 26, 'rec_loss': '5.1294'}
2025-10-21 02:17:14,145 - {'Epoch': 26, 'HR@5': '0.0679', 'NDCG@5': '0.0438', 'HR@10': '0.1009', 'NDCG@10': '0.0544', 'HR@20': '0.1541', 'NDCG@20': '0.0678'}
2025-10-21 02:17:14,146 - Validation score increased.  Saving model ...
2025-10-21 02:17:16,440 - {'epoch': 27, 'rec_loss': '5.1197'}
2025-10-21 02:17:16,619 - {'Epoch': 27, 'HR@5': '0.0615', 'NDCG@5': '0.0412', 'HR@10': '0.1037', 'NDCG@10': '0.0548', 'HR@20': '0.1505', 'NDCG@20': '0.0665'}
2025-10-21 02:17:16,619 - EarlyStopping counter: 1 out of 10
2025-10-21 02:17:18,994 - {'epoch': 28, 'rec_loss': '5.1060'}
2025-10-21 02:17:19,167 - {'Epoch': 28, 'HR@5': '0.0688', 'NDCG@5': '0.0445', 'HR@10': '0.1000', 'NDCG@10': '0.0546', 'HR@20': '0.1459', 'NDCG@20': '0.0661'}
2025-10-21 02:17:19,168 - EarlyStopping counter: 2 out of 10
2025-10-21 02:17:21,476 - {'epoch': 29, 'rec_loss': '5.0885'}
2025-10-21 02:17:21,639 - {'Epoch': 29, 'HR@5': '0.0697', 'NDCG@5': '0.0463', 'HR@10': '0.1055', 'NDCG@10': '0.0576', 'HR@20': '0.1450', 'NDCG@20': '0.0675'}
2025-10-21 02:17:21,640 - EarlyStopping counter: 3 out of 10
2025-10-21 02:17:24,054 - {'epoch': 30, 'rec_loss': '5.0822'}
2025-10-21 02:17:24,224 - {'Epoch': 30, 'HR@5': '0.0651', 'NDCG@5': '0.0427', 'HR@10': '0.1110', 'NDCG@10': '0.0575', 'HR@20': '0.1550', 'NDCG@20': '0.0683'}
2025-10-21 02:17:24,225 - Validation score increased.  Saving model ...
2025-10-21 02:17:26,733 - {'epoch': 31, 'rec_loss': '5.0616'}
2025-10-21 02:17:26,901 - {'Epoch': 31, 'HR@5': '0.0615', 'NDCG@5': '0.0426', 'HR@10': '0.1018', 'NDCG@10': '0.0554', 'HR@20': '0.1541', 'NDCG@20': '0.0685'}
2025-10-21 02:17:26,902 - Validation score increased.  Saving model ...
2025-10-21 02:17:29,195 - {'epoch': 32, 'rec_loss': '5.0504'}
2025-10-21 02:17:29,371 - {'Epoch': 32, 'HR@5': '0.0578', 'NDCG@5': '0.0413', 'HR@10': '0.1028', 'NDCG@10': '0.0556', 'HR@20': '0.1486', 'NDCG@20': '0.0671'}
2025-10-21 02:17:29,372 - EarlyStopping counter: 1 out of 10
2025-10-21 02:17:31,694 - {'epoch': 33, 'rec_loss': '5.0253'}
2025-10-21 02:17:31,867 - {'Epoch': 33, 'HR@5': '0.0679', 'NDCG@5': '0.0436', 'HR@10': '0.1083', 'NDCG@10': '0.0567', 'HR@20': '0.1495', 'NDCG@20': '0.0672'}
2025-10-21 02:17:31,868 - EarlyStopping counter: 2 out of 10
2025-10-21 02:17:34,282 - {'epoch': 34, 'rec_loss': '5.0266'}
2025-10-21 02:17:34,457 - {'Epoch': 34, 'HR@5': '0.0606', 'NDCG@5': '0.0403', 'HR@10': '0.1000', 'NDCG@10': '0.0532', 'HR@20': '0.1569', 'NDCG@20': '0.0675'}
2025-10-21 02:17:34,457 - EarlyStopping counter: 3 out of 10
2025-10-21 02:17:36,843 - {'epoch': 35, 'rec_loss': '5.0032'}
2025-10-21 02:17:37,022 - {'Epoch': 35, 'HR@5': '0.0661', 'NDCG@5': '0.0439', 'HR@10': '0.1037', 'NDCG@10': '0.0560', 'HR@20': '0.1505', 'NDCG@20': '0.0678'}
2025-10-21 02:17:37,022 - EarlyStopping counter: 4 out of 10
2025-10-21 02:17:39,402 - {'epoch': 36, 'rec_loss': '5.0068'}
2025-10-21 02:17:39,570 - {'Epoch': 36, 'HR@5': '0.0633', 'NDCG@5': '0.0429', 'HR@10': '0.1009', 'NDCG@10': '0.0550', 'HR@20': '0.1523', 'NDCG@20': '0.0679'}
2025-10-21 02:17:39,571 - EarlyStopping counter: 5 out of 10
2025-10-21 02:17:42,030 - {'epoch': 37, 'rec_loss': '4.9949'}
2025-10-21 02:17:42,201 - {'Epoch': 37, 'HR@5': '0.0661', 'NDCG@5': '0.0418', 'HR@10': '0.0982', 'NDCG@10': '0.0523', 'HR@20': '0.1569', 'NDCG@20': '0.0670'}
2025-10-21 02:17:42,201 - EarlyStopping counter: 6 out of 10
2025-10-21 02:17:44,584 - {'epoch': 38, 'rec_loss': '4.9843'}
2025-10-21 02:17:44,755 - {'Epoch': 38, 'HR@5': '0.0642', 'NDCG@5': '0.0400', 'HR@10': '0.0991', 'NDCG@10': '0.0513', 'HR@20': '0.1505', 'NDCG@20': '0.0642'}
2025-10-21 02:17:44,756 - EarlyStopping counter: 7 out of 10
2025-10-21 02:17:47,229 - {'epoch': 39, 'rec_loss': '4.9630'}
2025-10-21 02:17:47,402 - {'Epoch': 39, 'HR@5': '0.0624', 'NDCG@5': '0.0433', 'HR@10': '0.0936', 'NDCG@10': '0.0535', 'HR@20': '0.1532', 'NDCG@20': '0.0686'}
2025-10-21 02:17:47,403 - Validation score increased.  Saving model ...
2025-10-21 02:17:49,847 - {'epoch': 40, 'rec_loss': '4.9703'}
2025-10-21 02:17:50,023 - {'Epoch': 40, 'HR@5': '0.0633', 'NDCG@5': '0.0417', 'HR@10': '0.0963', 'NDCG@10': '0.0522', 'HR@20': '0.1523', 'NDCG@20': '0.0661'}
2025-10-21 02:17:50,024 - EarlyStopping counter: 1 out of 10
2025-10-21 02:17:52,275 - {'epoch': 41, 'rec_loss': '4.9461'}
2025-10-21 02:17:52,437 - {'Epoch': 41, 'HR@5': '0.0596', 'NDCG@5': '0.0414', 'HR@10': '0.0982', 'NDCG@10': '0.0539', 'HR@20': '0.1404', 'NDCG@20': '0.0644'}
2025-10-21 02:17:52,438 - EarlyStopping counter: 2 out of 10
2025-10-21 02:17:54,611 - {'epoch': 42, 'rec_loss': '4.9447'}
2025-10-21 02:17:54,769 - {'Epoch': 42, 'HR@5': '0.0651', 'NDCG@5': '0.0428', 'HR@10': '0.1055', 'NDCG@10': '0.0557', 'HR@20': '0.1541', 'NDCG@20': '0.0678'}
2025-10-21 02:17:54,770 - EarlyStopping counter: 3 out of 10
2025-10-21 02:17:57,199 - {'epoch': 43, 'rec_loss': '4.9322'}
2025-10-21 02:17:57,365 - {'Epoch': 43, 'HR@5': '0.0615', 'NDCG@5': '0.0427', 'HR@10': '0.1018', 'NDCG@10': '0.0556', 'HR@20': '0.1596', 'NDCG@20': '0.0700'}
2025-10-21 02:17:57,365 - Validation score increased.  Saving model ...
2025-10-21 02:17:59,564 - {'epoch': 44, 'rec_loss': '4.9227'}
2025-10-21 02:17:59,729 - {'Epoch': 44, 'HR@5': '0.0615', 'NDCG@5': '0.0393', 'HR@10': '0.1018', 'NDCG@10': '0.0520', 'HR@20': '0.1587', 'NDCG@20': '0.0663'}
2025-10-21 02:17:59,729 - EarlyStopping counter: 1 out of 10
2025-10-21 02:18:01,959 - {'epoch': 45, 'rec_loss': '4.9168'}
2025-10-21 02:18:02,138 - {'Epoch': 45, 'HR@5': '0.0661', 'NDCG@5': '0.0430', 'HR@10': '0.0982', 'NDCG@10': '0.0534', 'HR@20': '0.1550', 'NDCG@20': '0.0678'}
2025-10-21 02:18:02,139 - EarlyStopping counter: 2 out of 10
2025-10-21 02:18:04,655 - {'epoch': 46, 'rec_loss': '4.9154'}
2025-10-21 02:18:04,826 - {'Epoch': 46, 'HR@5': '0.0642', 'NDCG@5': '0.0437', 'HR@10': '0.0991', 'NDCG@10': '0.0550', 'HR@20': '0.1477', 'NDCG@20': '0.0672'}
2025-10-21 02:18:04,826 - EarlyStopping counter: 3 out of 10
2025-10-21 02:18:07,229 - {'epoch': 47, 'rec_loss': '4.9035'}
2025-10-21 02:18:07,401 - {'Epoch': 47, 'HR@5': '0.0651', 'NDCG@5': '0.0415', 'HR@10': '0.1009', 'NDCG@10': '0.0531', 'HR@20': '0.1495', 'NDCG@20': '0.0655'}
2025-10-21 02:18:07,401 - EarlyStopping counter: 4 out of 10
2025-10-21 02:18:09,411 - {'epoch': 48, 'rec_loss': '4.8880'}
2025-10-21 02:18:09,578 - {'Epoch': 48, 'HR@5': '0.0651', 'NDCG@5': '0.0415', 'HR@10': '0.1064', 'NDCG@10': '0.0544', 'HR@20': '0.1514', 'NDCG@20': '0.0656'}
2025-10-21 02:18:09,578 - EarlyStopping counter: 5 out of 10
2025-10-21 02:18:11,662 - {'epoch': 49, 'rec_loss': '4.8817'}
2025-10-21 02:18:11,834 - {'Epoch': 49, 'HR@5': '0.0587', 'NDCG@5': '0.0414', 'HR@10': '0.1046', 'NDCG@10': '0.0559', 'HR@20': '0.1578', 'NDCG@20': '0.0693'}
2025-10-21 02:18:11,834 - EarlyStopping counter: 6 out of 10
2025-10-21 02:18:13,923 - {'epoch': 50, 'rec_loss': '4.8684'}
2025-10-21 02:18:14,186 - {'Epoch': 50, 'HR@5': '0.0596', 'NDCG@5': '0.0387', 'HR@10': '0.0972', 'NDCG@10': '0.0507', 'HR@20': '0.1523', 'NDCG@20': '0.0646'}
2025-10-21 02:18:14,186 - EarlyStopping counter: 7 out of 10
2025-10-21 02:18:16,395 - {'epoch': 51, 'rec_loss': '4.8623'}
2025-10-21 02:18:16,558 - {'Epoch': 51, 'HR@5': '0.0596', 'NDCG@5': '0.0401', 'HR@10': '0.0963', 'NDCG@10': '0.0520', 'HR@20': '0.1505', 'NDCG@20': '0.0660'}
2025-10-21 02:18:16,559 - EarlyStopping counter: 8 out of 10
2025-10-21 02:18:19,050 - {'epoch': 52, 'rec_loss': '4.8688'}
2025-10-21 02:18:19,232 - {'Epoch': 52, 'HR@5': '0.0624', 'NDCG@5': '0.0415', 'HR@10': '0.0972', 'NDCG@10': '0.0530', 'HR@20': '0.1495', 'NDCG@20': '0.0662'}
2025-10-21 02:18:19,233 - EarlyStopping counter: 9 out of 10
2025-10-21 02:18:21,560 - {'epoch': 53, 'rec_loss': '4.8622'}
2025-10-21 02:18:21,741 - {'Epoch': 53, 'HR@5': '0.0587', 'NDCG@5': '0.0407', 'HR@10': '0.0982', 'NDCG@10': '0.0535', 'HR@20': '0.1523', 'NDCG@20': '0.0672'}
2025-10-21 02:18:21,741 - EarlyStopping counter: 10 out of 10
2025-10-21 02:18:21,741 - Early stopping
2025-10-21 02:18:21,741 - ---------------Test Score---------------
2025-10-21 02:18:21,956 - {'Epoch': 0, 'HR@5': '0.0505', 'NDCG@5': '0.0341', 'HR@10': '0.0899', 'NDCG@10': '0.0465', 'HR@20': '0.1202', 'NDCG@20': '0.0543'}
2025-10-21 02:18:21,956 - WEARec_K_50_LastFM_0.5_0.001_0.3_2.log
2025-10-21 02:18:21,957 - {'Epoch': 0, 'HR@5': '0.0505', 'NDCG@5': '0.0341', 'HR@10': '0.0899', 'NDCG@10': '0.0465', 'HR@20': '0.1202', 'NDCG@20': '0.0543'}
