2025-10-22 03:39:15,977 - Namespace(data_dir='./data/', output_dir='output/', data_name='Sports_and_Outdoors', do_eval=False, load_model=None, train_name='WEARec_K_50_Sports_and_Outdoors_0.5_0.001_0.3_4.log', num_items=10, num_users=35599, lr=0.001, batch_size=256, epochs=200, no_cuda=False, log_freq=1, patience=10, num_workers=0, seed=42, weight_decay=0.0, adam_beta1=0.9, adam_beta2=0.999, gpu_id='0', variance=5, model_type='WEARec', max_seq_length=50, hidden_size=64, num_hidden_layers=2, hidden_act='gelu', num_attention_heads=2, attention_probs_dropout_prob=0.5, hidden_dropout_prob=0.5, initializer_range=0.02, num_heads=4, alpha=0.3, cuda_condition=True, data_file='./data/Sports_and_Outdoors.txt', item_size=18358, checkpoint_path='output/WEARec_K_50_Sports_and_Outdoors_0.5_0.001_0.3_4.log.pt', same_target_path='./data/Sports_and_Outdoors_same_target.npy')
2025-10-22 03:39:15,999 - WEARecModel(
  (item_embeddings): Embedding(18358, 64, padding_idx=0)
  (position_embeddings): Embedding(50, 64)
  (LayerNorm): LayerNorm()
  (dropout): Dropout(p=0.5, inplace=False)
  (item_encoder): WEARecEncoder(
    (blocks): ModuleList(
      (0-1): 2 x WEARecBlock(
        (layer): WEARecLayer(
          (adaptive_mlp): Sequential(
            (0): Linear(in_features=64, out_features=64, bias=True)
            (1): GELU(approximate='none')
            (2): Linear(in_features=64, out_features=208, bias=True)
          )
          (out_dropout): Dropout(p=0.5, inplace=False)
          (LayerNorm): LayerNorm()
        )
        (feed_forward): FeedForward(
          (dense_1): Linear(in_features=64, out_features=256, bias=True)
          (dense_2): Linear(in_features=256, out_features=64, bias=True)
          (LayerNorm): LayerNorm()
          (dropout): Dropout(p=0.5, inplace=False)
        )
      )
    )
  )
)
2025-10-22 03:39:21,724 - Total Parameters: 1283906
2025-10-22 03:39:41,817 - {'epoch': 0, 'rec_loss': '9.3602'}
2025-10-22 03:39:55,079 - {'Epoch': 0, 'HR@5': '0.0120', 'NDCG@5': '0.0069', 'HR@10': '0.0197', 'NDCG@10': '0.0094', 'HR@20': '0.0324', 'NDCG@20': '0.0126'}
2025-10-22 03:39:55,081 - Validation score increased.  Saving model ...
2025-10-22 03:40:16,504 - {'epoch': 1, 'rec_loss': '8.9463'}
2025-10-22 03:40:29,214 - {'Epoch': 1, 'HR@5': '0.0189', 'NDCG@5': '0.0123', 'HR@10': '0.0331', 'NDCG@10': '0.0168', 'HR@20': '0.0515', 'NDCG@20': '0.0214'}
2025-10-22 03:40:29,215 - Validation score increased.  Saving model ...
2025-10-22 03:40:48,411 - {'epoch': 2, 'rec_loss': '8.6548'}
2025-10-22 03:41:00,541 - {'Epoch': 2, 'HR@5': '0.0277', 'NDCG@5': '0.0177', 'HR@10': '0.0434', 'NDCG@10': '0.0227', 'HR@20': '0.0660', 'NDCG@20': '0.0284'}
2025-10-22 03:41:00,541 - Validation score increased.  Saving model ...
2025-10-22 03:41:19,450 - {'epoch': 3, 'rec_loss': '8.4334'}
2025-10-22 03:41:31,689 - {'Epoch': 3, 'HR@5': '0.0355', 'NDCG@5': '0.0237', 'HR@10': '0.0533', 'NDCG@10': '0.0294', 'HR@20': '0.0780', 'NDCG@20': '0.0356'}
2025-10-22 03:41:31,689 - Validation score increased.  Saving model ...
2025-10-22 03:41:50,046 - {'epoch': 4, 'rec_loss': '8.2547'}
2025-10-22 03:42:02,247 - {'Epoch': 4, 'HR@5': '0.0408', 'NDCG@5': '0.0274', 'HR@10': '0.0590', 'NDCG@10': '0.0332', 'HR@20': '0.0865', 'NDCG@20': '0.0401'}
2025-10-22 03:42:02,248 - Validation score increased.  Saving model ...
2025-10-22 03:42:21,104 - {'epoch': 5, 'rec_loss': '8.1047'}
2025-10-22 03:42:33,557 - {'Epoch': 5, 'HR@5': '0.0443', 'NDCG@5': '0.0301', 'HR@10': '0.0640', 'NDCG@10': '0.0364', 'HR@20': '0.0914', 'NDCG@20': '0.0433'}
2025-10-22 03:42:33,557 - Validation score increased.  Saving model ...
2025-10-22 03:42:52,611 - {'epoch': 6, 'rec_loss': '7.9806'}
2025-10-22 03:43:05,388 - {'Epoch': 6, 'HR@5': '0.0466', 'NDCG@5': '0.0318', 'HR@10': '0.0676', 'NDCG@10': '0.0386', 'HR@20': '0.0961', 'NDCG@20': '0.0458'}
2025-10-22 03:43:05,389 - Validation score increased.  Saving model ...
2025-10-22 03:43:24,727 - {'epoch': 7, 'rec_loss': '7.8832'}
2025-10-22 03:43:37,807 - {'Epoch': 7, 'HR@5': '0.0475', 'NDCG@5': '0.0327', 'HR@10': '0.0681', 'NDCG@10': '0.0394', 'HR@20': '0.0969', 'NDCG@20': '0.0466'}
2025-10-22 03:43:37,809 - Validation score increased.  Saving model ...
2025-10-22 03:43:55,722 - {'epoch': 8, 'rec_loss': '7.8000'}
2025-10-22 03:44:08,895 - {'Epoch': 8, 'HR@5': '0.0478', 'NDCG@5': '0.0331', 'HR@10': '0.0690', 'NDCG@10': '0.0399', 'HR@20': '0.0981', 'NDCG@20': '0.0472'}
2025-10-22 03:44:08,896 - Validation score increased.  Saving model ...
2025-10-22 03:44:27,600 - {'epoch': 9, 'rec_loss': '7.7371'}
2025-10-22 03:44:40,341 - {'Epoch': 9, 'HR@5': '0.0467', 'NDCG@5': '0.0329', 'HR@10': '0.0684', 'NDCG@10': '0.0399', 'HR@20': '0.0976', 'NDCG@20': '0.0472'}
2025-10-22 03:44:40,341 - Validation score increased.  Saving model ...
2025-10-22 03:44:58,635 - {'epoch': 10, 'rec_loss': '7.6860'}
2025-10-22 03:45:12,162 - {'Epoch': 10, 'HR@5': '0.0488', 'NDCG@5': '0.0336', 'HR@10': '0.0714', 'NDCG@10': '0.0409', 'HR@20': '0.0997', 'NDCG@20': '0.0480'}
2025-10-22 03:45:12,164 - Validation score increased.  Saving model ...
2025-10-22 03:45:29,554 - {'epoch': 11, 'rec_loss': '7.6369'}
2025-10-22 03:45:42,622 - {'Epoch': 11, 'HR@5': '0.0502', 'NDCG@5': '0.0343', 'HR@10': '0.0725', 'NDCG@10': '0.0415', 'HR@20': '0.1022', 'NDCG@20': '0.0489'}
2025-10-22 03:45:42,622 - Validation score increased.  Saving model ...
2025-10-22 03:45:59,740 - {'epoch': 12, 'rec_loss': '7.6021'}
2025-10-22 03:46:12,559 - {'Epoch': 12, 'HR@5': '0.0493', 'NDCG@5': '0.0342', 'HR@10': '0.0723', 'NDCG@10': '0.0416', 'HR@20': '0.1001', 'NDCG@20': '0.0486'}
2025-10-22 03:46:12,560 - EarlyStopping counter: 1 out of 10
2025-10-22 03:46:29,108 - {'epoch': 13, 'rec_loss': '7.5658'}
2025-10-22 03:46:41,535 - {'Epoch': 13, 'HR@5': '0.0491', 'NDCG@5': '0.0338', 'HR@10': '0.0705', 'NDCG@10': '0.0407', 'HR@20': '0.1006', 'NDCG@20': '0.0483'}
2025-10-22 03:46:41,536 - EarlyStopping counter: 2 out of 10
2025-10-22 03:46:59,056 - {'epoch': 14, 'rec_loss': '7.5406'}
2025-10-22 03:47:12,011 - {'Epoch': 14, 'HR@5': '0.0496', 'NDCG@5': '0.0341', 'HR@10': '0.0729', 'NDCG@10': '0.0416', 'HR@20': '0.1013', 'NDCG@20': '0.0487'}
2025-10-22 03:47:12,012 - EarlyStopping counter: 3 out of 10
2025-10-22 03:47:29,682 - {'epoch': 15, 'rec_loss': '7.5155'}
2025-10-22 03:47:42,661 - {'Epoch': 15, 'HR@5': '0.0477', 'NDCG@5': '0.0333', 'HR@10': '0.0699', 'NDCG@10': '0.0404', 'HR@20': '0.1001', 'NDCG@20': '0.0480'}
2025-10-22 03:47:42,662 - EarlyStopping counter: 4 out of 10
2025-10-22 03:48:00,825 - {'epoch': 16, 'rec_loss': '7.4933'}
2025-10-22 03:48:13,614 - {'Epoch': 16, 'HR@5': '0.0487', 'NDCG@5': '0.0336', 'HR@10': '0.0715', 'NDCG@10': '0.0409', 'HR@20': '0.1008', 'NDCG@20': '0.0483'}
2025-10-22 03:48:13,615 - EarlyStopping counter: 5 out of 10
2025-10-22 03:48:31,706 - {'epoch': 17, 'rec_loss': '7.4730'}
2025-10-22 03:48:44,303 - {'Epoch': 17, 'HR@5': '0.0487', 'NDCG@5': '0.0335', 'HR@10': '0.0709', 'NDCG@10': '0.0406', 'HR@20': '0.1007', 'NDCG@20': '0.0481'}
2025-10-22 03:48:44,303 - EarlyStopping counter: 6 out of 10
2025-10-22 03:49:02,146 - {'epoch': 18, 'rec_loss': '7.4554'}
2025-10-22 03:49:14,970 - {'Epoch': 18, 'HR@5': '0.0497', 'NDCG@5': '0.0343', 'HR@10': '0.0726', 'NDCG@10': '0.0417', 'HR@20': '0.1020', 'NDCG@20': '0.0491'}
2025-10-22 03:49:14,972 - Validation score increased.  Saving model ...
2025-10-22 03:49:32,432 - {'epoch': 19, 'rec_loss': '7.4396'}
2025-10-22 03:49:45,708 - {'Epoch': 19, 'HR@5': '0.0496', 'NDCG@5': '0.0341', 'HR@10': '0.0734', 'NDCG@10': '0.0418', 'HR@20': '0.1029', 'NDCG@20': '0.0492'}
2025-10-22 03:49:45,709 - Validation score increased.  Saving model ...
2025-10-22 03:50:04,175 - {'epoch': 20, 'rec_loss': '7.4241'}
2025-10-22 03:50:16,892 - {'Epoch': 20, 'HR@5': '0.0495', 'NDCG@5': '0.0341', 'HR@10': '0.0736', 'NDCG@10': '0.0419', 'HR@20': '0.1023', 'NDCG@20': '0.0491'}
2025-10-22 03:50:16,892 - EarlyStopping counter: 1 out of 10
2025-10-22 03:50:35,578 - {'epoch': 21, 'rec_loss': '7.4093'}
2025-10-22 03:50:48,299 - {'Epoch': 21, 'HR@5': '0.0497', 'NDCG@5': '0.0346', 'HR@10': '0.0723', 'NDCG@10': '0.0419', 'HR@20': '0.1018', 'NDCG@20': '0.0493'}
2025-10-22 03:50:48,299 - Validation score increased.  Saving model ...
2025-10-22 03:51:06,894 - {'epoch': 22, 'rec_loss': '7.3968'}
2025-10-22 03:51:19,574 - {'Epoch': 22, 'HR@5': '0.0506', 'NDCG@5': '0.0348', 'HR@10': '0.0716', 'NDCG@10': '0.0415', 'HR@20': '0.1017', 'NDCG@20': '0.0491'}
2025-10-22 03:51:19,574 - EarlyStopping counter: 1 out of 10
2025-10-22 03:51:39,037 - {'epoch': 23, 'rec_loss': '7.3812'}
2025-10-22 03:51:51,712 - {'Epoch': 23, 'HR@5': '0.0507', 'NDCG@5': '0.0346', 'HR@10': '0.0734', 'NDCG@10': '0.0419', 'HR@20': '0.1032', 'NDCG@20': '0.0494'}
2025-10-22 03:51:51,713 - Validation score increased.  Saving model ...
2025-10-22 03:52:10,559 - {'epoch': 24, 'rec_loss': '7.3690'}
2025-10-22 03:52:23,462 - {'Epoch': 24, 'HR@5': '0.0491', 'NDCG@5': '0.0338', 'HR@10': '0.0716', 'NDCG@10': '0.0411', 'HR@20': '0.1006', 'NDCG@20': '0.0484'}
2025-10-22 03:52:23,462 - EarlyStopping counter: 1 out of 10
2025-10-22 03:52:42,064 - {'epoch': 25, 'rec_loss': '7.3596'}
2025-10-22 03:52:54,835 - {'Epoch': 25, 'HR@5': '0.0481', 'NDCG@5': '0.0330', 'HR@10': '0.0707', 'NDCG@10': '0.0403', 'HR@20': '0.1007', 'NDCG@20': '0.0478'}
2025-10-22 03:52:54,836 - EarlyStopping counter: 2 out of 10
2025-10-22 03:53:13,115 - {'epoch': 26, 'rec_loss': '7.3460'}
2025-10-22 03:53:26,061 - {'Epoch': 26, 'HR@5': '0.0489', 'NDCG@5': '0.0336', 'HR@10': '0.0699', 'NDCG@10': '0.0403', 'HR@20': '0.0993', 'NDCG@20': '0.0477'}
2025-10-22 03:53:26,062 - EarlyStopping counter: 3 out of 10
2025-10-22 03:53:45,428 - {'epoch': 27, 'rec_loss': '7.3335'}
2025-10-22 03:53:58,134 - {'Epoch': 27, 'HR@5': '0.0497', 'NDCG@5': '0.0343', 'HR@10': '0.0714', 'NDCG@10': '0.0413', 'HR@20': '0.1006', 'NDCG@20': '0.0486'}
2025-10-22 03:53:58,134 - EarlyStopping counter: 4 out of 10
2025-10-22 03:54:16,098 - {'epoch': 28, 'rec_loss': '7.3251'}
2025-10-22 03:54:28,883 - {'Epoch': 28, 'HR@5': '0.0501', 'NDCG@5': '0.0349', 'HR@10': '0.0725', 'NDCG@10': '0.0422', 'HR@20': '0.1028', 'NDCG@20': '0.0498'}
2025-10-22 03:54:28,890 - Validation score increased.  Saving model ...
2025-10-22 03:54:46,919 - {'epoch': 29, 'rec_loss': '7.3204'}
2025-10-22 03:54:59,867 - {'Epoch': 29, 'HR@5': '0.0509', 'NDCG@5': '0.0351', 'HR@10': '0.0728', 'NDCG@10': '0.0422', 'HR@20': '0.1030', 'NDCG@20': '0.0498'}
2025-10-22 03:54:59,867 - EarlyStopping counter: 1 out of 10
2025-10-22 03:55:16,869 - {'epoch': 30, 'rec_loss': '7.3106'}
2025-10-22 03:55:29,665 - {'Epoch': 30, 'HR@5': '0.0506', 'NDCG@5': '0.0349', 'HR@10': '0.0725', 'NDCG@10': '0.0419', 'HR@20': '0.1021', 'NDCG@20': '0.0494'}
2025-10-22 03:55:29,666 - EarlyStopping counter: 2 out of 10
2025-10-22 03:55:46,651 - {'epoch': 31, 'rec_loss': '7.2995'}
2025-10-22 03:55:59,838 - {'Epoch': 31, 'HR@5': '0.0507', 'NDCG@5': '0.0353', 'HR@10': '0.0728', 'NDCG@10': '0.0424', 'HR@20': '0.1025', 'NDCG@20': '0.0499'}
2025-10-22 03:55:59,839 - Validation score increased.  Saving model ...
2025-10-22 03:56:17,998 - {'epoch': 32, 'rec_loss': '7.2937'}
2025-10-22 03:56:31,046 - {'Epoch': 32, 'HR@5': '0.0503', 'NDCG@5': '0.0348', 'HR@10': '0.0723', 'NDCG@10': '0.0418', 'HR@20': '0.1022', 'NDCG@20': '0.0494'}
2025-10-22 03:56:31,047 - EarlyStopping counter: 1 out of 10
2025-10-22 03:56:48,213 - {'epoch': 33, 'rec_loss': '7.2863'}
2025-10-22 03:57:01,548 - {'Epoch': 33, 'HR@5': '0.0494', 'NDCG@5': '0.0340', 'HR@10': '0.0725', 'NDCG@10': '0.0415', 'HR@20': '0.1005', 'NDCG@20': '0.0485'}
2025-10-22 03:57:01,549 - EarlyStopping counter: 2 out of 10
2025-10-22 03:57:18,753 - {'epoch': 34, 'rec_loss': '7.2796'}
2025-10-22 03:57:31,949 - {'Epoch': 34, 'HR@5': '0.0502', 'NDCG@5': '0.0346', 'HR@10': '0.0726', 'NDCG@10': '0.0418', 'HR@20': '0.1023', 'NDCG@20': '0.0493'}
2025-10-22 03:57:31,950 - EarlyStopping counter: 3 out of 10
2025-10-22 03:57:50,506 - {'epoch': 35, 'rec_loss': '7.2746'}
2025-10-22 03:58:03,646 - {'Epoch': 35, 'HR@5': '0.0519', 'NDCG@5': '0.0361', 'HR@10': '0.0737', 'NDCG@10': '0.0431', 'HR@20': '0.1026', 'NDCG@20': '0.0504'}
2025-10-22 03:58:03,647 - Validation score increased.  Saving model ...
2025-10-22 03:58:21,026 - {'epoch': 36, 'rec_loss': '7.2614'}
2025-10-22 03:58:34,228 - {'Epoch': 36, 'HR@5': '0.0492', 'NDCG@5': '0.0338', 'HR@10': '0.0724', 'NDCG@10': '0.0412', 'HR@20': '0.1024', 'NDCG@20': '0.0488'}
2025-10-22 03:58:34,228 - EarlyStopping counter: 1 out of 10
2025-10-22 03:58:51,784 - {'epoch': 37, 'rec_loss': '7.2608'}
2025-10-22 03:59:04,935 - {'Epoch': 37, 'HR@5': '0.0497', 'NDCG@5': '0.0342', 'HR@10': '0.0728', 'NDCG@10': '0.0416', 'HR@20': '0.1008', 'NDCG@20': '0.0487'}
2025-10-22 03:59:04,936 - EarlyStopping counter: 2 out of 10
2025-10-22 03:59:21,752 - {'epoch': 38, 'rec_loss': '7.2478'}
2025-10-22 03:59:35,360 - {'Epoch': 38, 'HR@5': '0.0496', 'NDCG@5': '0.0344', 'HR@10': '0.0722', 'NDCG@10': '0.0418', 'HR@20': '0.1016', 'NDCG@20': '0.0492'}
2025-10-22 03:59:35,361 - EarlyStopping counter: 3 out of 10
2025-10-22 03:59:52,061 - {'epoch': 39, 'rec_loss': '7.2412'}
2025-10-22 04:00:05,206 - {'Epoch': 39, 'HR@5': '0.0504', 'NDCG@5': '0.0349', 'HR@10': '0.0734', 'NDCG@10': '0.0424', 'HR@20': '0.1027', 'NDCG@20': '0.0497'}
2025-10-22 04:00:05,207 - EarlyStopping counter: 4 out of 10
2025-10-22 04:00:22,188 - {'epoch': 40, 'rec_loss': '7.2400'}
2025-10-22 04:00:35,402 - {'Epoch': 40, 'HR@5': '0.0498', 'NDCG@5': '0.0344', 'HR@10': '0.0722', 'NDCG@10': '0.0417', 'HR@20': '0.1010', 'NDCG@20': '0.0489'}
2025-10-22 04:00:35,403 - EarlyStopping counter: 5 out of 10
2025-10-22 04:00:52,809 - {'epoch': 41, 'rec_loss': '7.2346'}
2025-10-22 04:01:06,131 - {'Epoch': 41, 'HR@5': '0.0494', 'NDCG@5': '0.0342', 'HR@10': '0.0712', 'NDCG@10': '0.0412', 'HR@20': '0.1015', 'NDCG@20': '0.0488'}
2025-10-22 04:01:06,132 - EarlyStopping counter: 6 out of 10
2025-10-22 04:01:23,022 - {'epoch': 42, 'rec_loss': '7.2295'}
2025-10-22 04:01:36,497 - {'Epoch': 42, 'HR@5': '0.0505', 'NDCG@5': '0.0348', 'HR@10': '0.0735', 'NDCG@10': '0.0422', 'HR@20': '0.1026', 'NDCG@20': '0.0495'}
2025-10-22 04:01:36,497 - EarlyStopping counter: 7 out of 10
2025-10-22 04:01:53,580 - {'epoch': 43, 'rec_loss': '7.2243'}
2025-10-22 04:02:06,869 - {'Epoch': 43, 'HR@5': '0.0495', 'NDCG@5': '0.0342', 'HR@10': '0.0730', 'NDCG@10': '0.0418', 'HR@20': '0.1023', 'NDCG@20': '0.0491'}
2025-10-22 04:02:06,870 - EarlyStopping counter: 8 out of 10
2025-10-22 04:02:24,354 - {'epoch': 44, 'rec_loss': '7.2140'}
2025-10-22 04:02:37,275 - {'Epoch': 44, 'HR@5': '0.0499', 'NDCG@5': '0.0344', 'HR@10': '0.0730', 'NDCG@10': '0.0418', 'HR@20': '0.1031', 'NDCG@20': '0.0494'}
2025-10-22 04:02:37,276 - EarlyStopping counter: 9 out of 10
2025-10-22 04:02:54,707 - {'epoch': 45, 'rec_loss': '7.2116'}
2025-10-22 04:03:07,767 - {'Epoch': 45, 'HR@5': '0.0506', 'NDCG@5': '0.0344', 'HR@10': '0.0741', 'NDCG@10': '0.0419', 'HR@20': '0.1030', 'NDCG@20': '0.0492'}
2025-10-22 04:03:07,768 - EarlyStopping counter: 10 out of 10
2025-10-22 04:03:07,768 - Early stopping
2025-10-22 04:03:07,768 - ---------------Test Score---------------
2025-10-22 04:03:20,501 - {'Epoch': 0, 'HR@5': '0.0433', 'NDCG@5': '0.0302', 'HR@10': '0.0631', 'NDCG@10': '0.0367', 'HR@20': '0.0895', 'NDCG@20': '0.0433'}
2025-10-22 04:03:20,501 - WEARec_K_50_Sports_and_Outdoors_0.5_0.001_0.3_4.log
2025-10-22 04:03:20,501 - {'Epoch': 0, 'HR@5': '0.0433', 'NDCG@5': '0.0302', 'HR@10': '0.0631', 'NDCG@10': '0.0367', 'HR@20': '0.0895', 'NDCG@20': '0.0433'}
