2025-10-21 06:06:37,808 - Namespace(data_dir='./data/', output_dir='output/', data_name='Beauty', do_eval=False, load_model=None, train_name='WEARec_K_50_Beauty_0.5_0.0005_0.2_8.log', num_items=10, num_users=22364, lr=0.0005, batch_size=256, epochs=200, no_cuda=False, log_freq=1, patience=10, num_workers=0, seed=42, weight_decay=0.0, adam_beta1=0.9, adam_beta2=0.999, gpu_id='0', variance=5, model_type='WEARec', max_seq_length=50, hidden_size=64, num_hidden_layers=2, hidden_act='gelu', num_attention_heads=2, attention_probs_dropout_prob=0.5, hidden_dropout_prob=0.5, initializer_range=0.02, num_heads=8, alpha=0.2, cuda_condition=True, data_file='./data/Beauty.txt', item_size=12102, checkpoint_path='output/WEARec_K_50_Beauty_0.5_0.0005_0.2_8.log.pt', same_target_path='./data/Beauty_same_target.npy')
2025-10-21 06:06:37,825 - WEARecModel(
  (item_embeddings): Embedding(12102, 64, padding_idx=0)
  (position_embeddings): Embedding(50, 64)
  (LayerNorm): LayerNorm()
  (dropout): Dropout(p=0.5, inplace=False)
  (item_encoder): WEARecEncoder(
    (blocks): ModuleList(
      (0-1): 2 x WEARecBlock(
        (layer): WEARecLayer(
          (adaptive_mlp): Sequential(
            (0): Linear(in_features=64, out_features=64, bias=True)
            (1): GELU(approximate='none')
            (2): Linear(in_features=64, out_features=416, bias=True)
          )
          (out_dropout): Dropout(p=0.5, inplace=False)
          (LayerNorm): LayerNorm()
        )
        (feed_forward): FeedForward(
          (dense_1): Linear(in_features=64, out_features=256, bias=True)
          (dense_2): Linear(in_features=256, out_features=64, bias=True)
          (LayerNorm): LayerNorm()
          (dropout): Dropout(p=0.5, inplace=False)
        )
      )
    )
  )
)
2025-10-21 06:06:41,592 - Total Parameters: 910978
2025-10-21 06:06:55,683 - {'epoch': 0, 'rec_loss': '8.8758'}
2025-10-21 06:07:01,991 - {'Epoch': 0, 'HR@5': '0.0118', 'NDCG@5': '0.0074', 'HR@10': '0.0194', 'NDCG@10': '0.0098', 'HR@20': '0.0344', 'NDCG@20': '0.0136'}
2025-10-21 06:07:01,993 - Validation score increased.  Saving model ...
2025-10-21 06:07:15,903 - {'epoch': 1, 'rec_loss': '8.4215'}
2025-10-21 06:07:21,673 - {'Epoch': 1, 'HR@5': '0.0264', 'NDCG@5': '0.0166', 'HR@10': '0.0422', 'NDCG@10': '0.0216', 'HR@20': '0.0646', 'NDCG@20': '0.0273'}
2025-10-21 06:07:21,674 - Validation score increased.  Saving model ...
2025-10-21 06:07:35,375 - {'epoch': 2, 'rec_loss': '8.1177'}
2025-10-21 06:07:41,197 - {'Epoch': 2, 'HR@5': '0.0394', 'NDCG@5': '0.0252', 'HR@10': '0.0601', 'NDCG@10': '0.0319', 'HR@20': '0.0898', 'NDCG@20': '0.0393'}
2025-10-21 06:07:41,202 - Validation score increased.  Saving model ...
2025-10-21 06:07:54,941 - {'epoch': 3, 'rec_loss': '7.8692'}
2025-10-21 06:08:00,691 - {'Epoch': 3, 'HR@5': '0.0514', 'NDCG@5': '0.0337', 'HR@10': '0.0776', 'NDCG@10': '0.0421', 'HR@20': '0.1093', 'NDCG@20': '0.0501'}
2025-10-21 06:08:00,691 - Validation score increased.  Saving model ...
2025-10-21 06:08:14,188 - {'epoch': 4, 'rec_loss': '7.6752'}
2025-10-21 06:08:19,927 - {'Epoch': 4, 'HR@5': '0.0609', 'NDCG@5': '0.0407', 'HR@10': '0.0881', 'NDCG@10': '0.0494', 'HR@20': '0.1237', 'NDCG@20': '0.0584'}
2025-10-21 06:08:19,927 - Validation score increased.  Saving model ...
2025-10-21 06:08:32,273 - {'epoch': 5, 'rec_loss': '7.5170'}
2025-10-21 06:08:38,271 - {'Epoch': 5, 'HR@5': '0.0674', 'NDCG@5': '0.0454', 'HR@10': '0.0967', 'NDCG@10': '0.0548', 'HR@20': '0.1357', 'NDCG@20': '0.0646'}
2025-10-21 06:08:38,272 - Validation score increased.  Saving model ...
2025-10-21 06:08:51,217 - {'epoch': 6, 'rec_loss': '7.3798'}
2025-10-21 06:08:57,117 - {'Epoch': 6, 'HR@5': '0.0729', 'NDCG@5': '0.0499', 'HR@10': '0.1022', 'NDCG@10': '0.0594', 'HR@20': '0.1427', 'NDCG@20': '0.0696'}
2025-10-21 06:08:57,118 - Validation score increased.  Saving model ...
2025-10-21 06:09:09,894 - {'epoch': 7, 'rec_loss': '7.2656'}
2025-10-21 06:09:15,652 - {'Epoch': 7, 'HR@5': '0.0760', 'NDCG@5': '0.0532', 'HR@10': '0.1086', 'NDCG@10': '0.0637', 'HR@20': '0.1494', 'NDCG@20': '0.0740'}
2025-10-21 06:09:15,652 - Validation score increased.  Saving model ...
2025-10-21 06:09:28,442 - {'epoch': 8, 'rec_loss': '7.1667'}
2025-10-21 06:09:34,187 - {'Epoch': 8, 'HR@5': '0.0804', 'NDCG@5': '0.0560', 'HR@10': '0.1108', 'NDCG@10': '0.0658', 'HR@20': '0.1539', 'NDCG@20': '0.0766'}
2025-10-21 06:09:34,188 - Validation score increased.  Saving model ...
2025-10-21 06:09:47,189 - {'epoch': 9, 'rec_loss': '7.0835'}
2025-10-21 06:09:53,088 - {'Epoch': 9, 'HR@5': '0.0808', 'NDCG@5': '0.0567', 'HR@10': '0.1131', 'NDCG@10': '0.0672', 'HR@20': '0.1562', 'NDCG@20': '0.0780'}
2025-10-21 06:09:53,089 - Validation score increased.  Saving model ...
2025-10-21 06:10:06,394 - {'epoch': 10, 'rec_loss': '7.0116'}
2025-10-21 06:10:12,468 - {'Epoch': 10, 'HR@5': '0.0847', 'NDCG@5': '0.0599', 'HR@10': '0.1148', 'NDCG@10': '0.0695', 'HR@20': '0.1560', 'NDCG@20': '0.0799'}
2025-10-21 06:10:12,469 - Validation score increased.  Saving model ...
2025-10-21 06:10:24,898 - {'epoch': 11, 'rec_loss': '6.9492'}
2025-10-21 06:10:30,761 - {'Epoch': 11, 'HR@5': '0.0850', 'NDCG@5': '0.0599', 'HR@10': '0.1152', 'NDCG@10': '0.0696', 'HR@20': '0.1583', 'NDCG@20': '0.0805'}
2025-10-21 06:10:30,762 - Validation score increased.  Saving model ...
2025-10-21 06:10:43,796 - {'epoch': 12, 'rec_loss': '6.9044'}
2025-10-21 06:10:49,663 - {'Epoch': 12, 'HR@5': '0.0839', 'NDCG@5': '0.0596', 'HR@10': '0.1179', 'NDCG@10': '0.0705', 'HR@20': '0.1595', 'NDCG@20': '0.0810'}
2025-10-21 06:10:49,664 - Validation score increased.  Saving model ...
2025-10-21 06:11:02,033 - {'epoch': 13, 'rec_loss': '6.8587'}
2025-10-21 06:11:07,915 - {'Epoch': 13, 'HR@5': '0.0854', 'NDCG@5': '0.0607', 'HR@10': '0.1181', 'NDCG@10': '0.0712', 'HR@20': '0.1606', 'NDCG@20': '0.0819'}
2025-10-21 06:11:07,917 - Validation score increased.  Saving model ...
2025-10-21 06:11:21,010 - {'epoch': 14, 'rec_loss': '6.8200'}
2025-10-21 06:11:26,871 - {'Epoch': 14, 'HR@5': '0.0842', 'NDCG@5': '0.0600', 'HR@10': '0.1177', 'NDCG@10': '0.0708', 'HR@20': '0.1607', 'NDCG@20': '0.0816'}
2025-10-21 06:11:26,872 - EarlyStopping counter: 1 out of 10
2025-10-21 06:11:39,484 - {'epoch': 15, 'rec_loss': '6.7939'}
2025-10-21 06:11:45,592 - {'Epoch': 15, 'HR@5': '0.0865', 'NDCG@5': '0.0609', 'HR@10': '0.1185', 'NDCG@10': '0.0712', 'HR@20': '0.1608', 'NDCG@20': '0.0818'}
2025-10-21 06:11:45,593 - EarlyStopping counter: 2 out of 10
2025-10-21 06:11:59,483 - {'epoch': 16, 'rec_loss': '6.7626'}
2025-10-21 06:12:05,458 - {'Epoch': 16, 'HR@5': '0.0863', 'NDCG@5': '0.0607', 'HR@10': '0.1195', 'NDCG@10': '0.0714', 'HR@20': '0.1631', 'NDCG@20': '0.0824'}
2025-10-21 06:12:05,459 - Validation score increased.  Saving model ...
2025-10-21 06:12:18,079 - {'epoch': 17, 'rec_loss': '6.7394'}
2025-10-21 06:12:24,011 - {'Epoch': 17, 'HR@5': '0.0874', 'NDCG@5': '0.0613', 'HR@10': '0.1185', 'NDCG@10': '0.0713', 'HR@20': '0.1615', 'NDCG@20': '0.0822'}
2025-10-21 06:12:24,012 - EarlyStopping counter: 1 out of 10
2025-10-21 06:12:37,063 - {'epoch': 18, 'rec_loss': '6.7206'}
2025-10-21 06:12:43,061 - {'Epoch': 18, 'HR@5': '0.0857', 'NDCG@5': '0.0607', 'HR@10': '0.1176', 'NDCG@10': '0.0711', 'HR@20': '0.1610', 'NDCG@20': '0.0820'}
2025-10-21 06:12:43,061 - EarlyStopping counter: 2 out of 10
2025-10-21 06:12:56,718 - {'epoch': 19, 'rec_loss': '6.6952'}
2025-10-21 06:13:02,496 - {'Epoch': 19, 'HR@5': '0.0871', 'NDCG@5': '0.0617', 'HR@10': '0.1194', 'NDCG@10': '0.0722', 'HR@20': '0.1624', 'NDCG@20': '0.0830'}
2025-10-21 06:13:02,497 - Validation score increased.  Saving model ...
2025-10-21 06:13:15,663 - {'epoch': 20, 'rec_loss': '6.6884'}
2025-10-21 06:13:21,552 - {'Epoch': 20, 'HR@5': '0.0886', 'NDCG@5': '0.0625', 'HR@10': '0.1192', 'NDCG@10': '0.0723', 'HR@20': '0.1624', 'NDCG@20': '0.0832'}
2025-10-21 06:13:21,553 - Validation score increased.  Saving model ...
2025-10-21 06:13:34,857 - {'epoch': 21, 'rec_loss': '6.6704'}
2025-10-21 06:13:40,650 - {'Epoch': 21, 'HR@5': '0.0872', 'NDCG@5': '0.0616', 'HR@10': '0.1195', 'NDCG@10': '0.0721', 'HR@20': '0.1636', 'NDCG@20': '0.0831'}
2025-10-21 06:13:40,650 - EarlyStopping counter: 1 out of 10
2025-10-21 06:13:54,528 - {'epoch': 22, 'rec_loss': '6.6503'}
2025-10-21 06:14:00,438 - {'Epoch': 22, 'HR@5': '0.0869', 'NDCG@5': '0.0621', 'HR@10': '0.1206', 'NDCG@10': '0.0730', 'HR@20': '0.1635', 'NDCG@20': '0.0838'}
2025-10-21 06:14:00,439 - Validation score increased.  Saving model ...
2025-10-21 06:14:13,819 - {'epoch': 23, 'rec_loss': '6.6402'}
2025-10-21 06:14:19,567 - {'Epoch': 23, 'HR@5': '0.0894', 'NDCG@5': '0.0624', 'HR@10': '0.1210', 'NDCG@10': '0.0725', 'HR@20': '0.1634', 'NDCG@20': '0.0832'}
2025-10-21 06:14:19,568 - EarlyStopping counter: 1 out of 10
2025-10-21 06:14:33,353 - {'epoch': 24, 'rec_loss': '6.6273'}
2025-10-21 06:14:39,123 - {'Epoch': 24, 'HR@5': '0.0879', 'NDCG@5': '0.0623', 'HR@10': '0.1206', 'NDCG@10': '0.0729', 'HR@20': '0.1638', 'NDCG@20': '0.0838'}
2025-10-21 06:14:39,124 - EarlyStopping counter: 2 out of 10
2025-10-21 06:14:53,138 - {'epoch': 25, 'rec_loss': '6.6151'}
2025-10-21 06:14:58,953 - {'Epoch': 25, 'HR@5': '0.0872', 'NDCG@5': '0.0618', 'HR@10': '0.1203', 'NDCG@10': '0.0725', 'HR@20': '0.1626', 'NDCG@20': '0.0831'}
2025-10-21 06:14:58,954 - EarlyStopping counter: 3 out of 10
2025-10-21 06:15:12,346 - {'epoch': 26, 'rec_loss': '6.6028'}
2025-10-21 06:15:18,169 - {'Epoch': 26, 'HR@5': '0.0881', 'NDCG@5': '0.0619', 'HR@10': '0.1198', 'NDCG@10': '0.0721', 'HR@20': '0.1611', 'NDCG@20': '0.0826'}
2025-10-21 06:15:18,170 - EarlyStopping counter: 4 out of 10
2025-10-21 06:15:31,777 - {'epoch': 27, 'rec_loss': '6.5951'}
2025-10-21 06:15:37,619 - {'Epoch': 27, 'HR@5': '0.0885', 'NDCG@5': '0.0624', 'HR@10': '0.1218', 'NDCG@10': '0.0731', 'HR@20': '0.1659', 'NDCG@20': '0.0842'}
2025-10-21 06:15:37,619 - Validation score increased.  Saving model ...
2025-10-21 06:15:50,942 - {'epoch': 28, 'rec_loss': '6.5824'}
2025-10-21 06:15:56,801 - {'Epoch': 28, 'HR@5': '0.0879', 'NDCG@5': '0.0619', 'HR@10': '0.1222', 'NDCG@10': '0.0730', 'HR@20': '0.1663', 'NDCG@20': '0.0840'}
2025-10-21 06:15:56,802 - EarlyStopping counter: 1 out of 10
2025-10-21 06:16:10,005 - {'epoch': 29, 'rec_loss': '6.5746'}
2025-10-21 06:16:15,857 - {'Epoch': 29, 'HR@5': '0.0876', 'NDCG@5': '0.0621', 'HR@10': '0.1221', 'NDCG@10': '0.0731', 'HR@20': '0.1643', 'NDCG@20': '0.0837'}
2025-10-21 06:16:15,858 - EarlyStopping counter: 2 out of 10
2025-10-21 06:16:29,058 - {'epoch': 30, 'rec_loss': '6.5684'}
2025-10-21 06:16:34,934 - {'Epoch': 30, 'HR@5': '0.0870', 'NDCG@5': '0.0618', 'HR@10': '0.1210', 'NDCG@10': '0.0728', 'HR@20': '0.1656', 'NDCG@20': '0.0840'}
2025-10-21 06:16:34,935 - EarlyStopping counter: 3 out of 10
2025-10-21 06:16:46,965 - {'epoch': 31, 'rec_loss': '6.5562'}
2025-10-21 06:16:52,809 - {'Epoch': 31, 'HR@5': '0.0881', 'NDCG@5': '0.0624', 'HR@10': '0.1223', 'NDCG@10': '0.0735', 'HR@20': '0.1633', 'NDCG@20': '0.0839'}
2025-10-21 06:16:52,810 - EarlyStopping counter: 4 out of 10
2025-10-21 06:17:06,058 - {'epoch': 32, 'rec_loss': '6.5429'}
2025-10-21 06:17:11,953 - {'Epoch': 32, 'HR@5': '0.0885', 'NDCG@5': '0.0618', 'HR@10': '0.1209', 'NDCG@10': '0.0722', 'HR@20': '0.1644', 'NDCG@20': '0.0831'}
2025-10-21 06:17:11,954 - EarlyStopping counter: 5 out of 10
2025-10-21 06:17:24,461 - {'epoch': 33, 'rec_loss': '6.5422'}
2025-10-21 06:17:30,422 - {'Epoch': 33, 'HR@5': '0.0883', 'NDCG@5': '0.0624', 'HR@10': '0.1209', 'NDCG@10': '0.0728', 'HR@20': '0.1653', 'NDCG@20': '0.0840'}
2025-10-21 06:17:30,423 - EarlyStopping counter: 6 out of 10
2025-10-21 06:17:43,051 - {'epoch': 34, 'rec_loss': '6.5346'}
2025-10-21 06:17:49,029 - {'Epoch': 34, 'HR@5': '0.0885', 'NDCG@5': '0.0628', 'HR@10': '0.1213', 'NDCG@10': '0.0734', 'HR@20': '0.1640', 'NDCG@20': '0.0841'}
2025-10-21 06:17:49,029 - EarlyStopping counter: 7 out of 10
2025-10-21 06:18:02,316 - {'epoch': 35, 'rec_loss': '6.5253'}
2025-10-21 06:18:08,137 - {'Epoch': 35, 'HR@5': '0.0884', 'NDCG@5': '0.0625', 'HR@10': '0.1225', 'NDCG@10': '0.0734', 'HR@20': '0.1646', 'NDCG@20': '0.0840'}
2025-10-21 06:18:08,137 - EarlyStopping counter: 8 out of 10
2025-10-21 06:18:20,296 - {'epoch': 36, 'rec_loss': '6.5181'}
2025-10-21 06:18:26,144 - {'Epoch': 36, 'HR@5': '0.0886', 'NDCG@5': '0.0628', 'HR@10': '0.1215', 'NDCG@10': '0.0734', 'HR@20': '0.1652', 'NDCG@20': '0.0844'}
2025-10-21 06:18:26,145 - Validation score increased.  Saving model ...
2025-10-21 06:18:39,074 - {'epoch': 37, 'rec_loss': '6.5146'}
2025-10-21 06:18:44,934 - {'Epoch': 37, 'HR@5': '0.0875', 'NDCG@5': '0.0620', 'HR@10': '0.1202', 'NDCG@10': '0.0726', 'HR@20': '0.1629', 'NDCG@20': '0.0834'}
2025-10-21 06:18:44,934 - EarlyStopping counter: 1 out of 10
2025-10-21 06:18:57,886 - {'epoch': 38, 'rec_loss': '6.5087'}
2025-10-21 06:19:03,817 - {'Epoch': 38, 'HR@5': '0.0893', 'NDCG@5': '0.0629', 'HR@10': '0.1213', 'NDCG@10': '0.0732', 'HR@20': '0.1634', 'NDCG@20': '0.0838'}
2025-10-21 06:19:03,818 - EarlyStopping counter: 2 out of 10
2025-10-21 06:19:16,476 - {'epoch': 39, 'rec_loss': '6.4988'}
2025-10-21 06:19:22,501 - {'Epoch': 39, 'HR@5': '0.0894', 'NDCG@5': '0.0623', 'HR@10': '0.1211', 'NDCG@10': '0.0726', 'HR@20': '0.1640', 'NDCG@20': '0.0834'}
2025-10-21 06:19:22,501 - EarlyStopping counter: 3 out of 10
2025-10-21 06:19:34,875 - {'epoch': 40, 'rec_loss': '6.4951'}
2025-10-21 06:19:40,968 - {'Epoch': 40, 'HR@5': '0.0870', 'NDCG@5': '0.0619', 'HR@10': '0.1217', 'NDCG@10': '0.0730', 'HR@20': '0.1636', 'NDCG@20': '0.0835'}
2025-10-21 06:19:40,968 - EarlyStopping counter: 4 out of 10
2025-10-21 06:19:53,734 - {'epoch': 41, 'rec_loss': '6.4867'}
2025-10-21 06:19:59,508 - {'Epoch': 41, 'HR@5': '0.0891', 'NDCG@5': '0.0624', 'HR@10': '0.1210', 'NDCG@10': '0.0727', 'HR@20': '0.1646', 'NDCG@20': '0.0837'}
2025-10-21 06:19:59,509 - EarlyStopping counter: 5 out of 10
2025-10-21 06:20:11,556 - {'epoch': 42, 'rec_loss': '6.4810'}
2025-10-21 06:20:17,453 - {'Epoch': 42, 'HR@5': '0.0879', 'NDCG@5': '0.0623', 'HR@10': '0.1221', 'NDCG@10': '0.0733', 'HR@20': '0.1633', 'NDCG@20': '0.0837'}
2025-10-21 06:20:17,454 - EarlyStopping counter: 6 out of 10
2025-10-21 06:20:30,457 - {'epoch': 43, 'rec_loss': '6.4759'}
2025-10-21 06:20:36,339 - {'Epoch': 43, 'HR@5': '0.0890', 'NDCG@5': '0.0627', 'HR@10': '0.1223', 'NDCG@10': '0.0734', 'HR@20': '0.1637', 'NDCG@20': '0.0839'}
2025-10-21 06:20:36,340 - EarlyStopping counter: 7 out of 10
2025-10-21 06:20:49,510 - {'epoch': 44, 'rec_loss': '6.4734'}
2025-10-21 06:20:55,347 - {'Epoch': 44, 'HR@5': '0.0887', 'NDCG@5': '0.0626', 'HR@10': '0.1223', 'NDCG@10': '0.0735', 'HR@20': '0.1646', 'NDCG@20': '0.0841'}
2025-10-21 06:20:55,348 - EarlyStopping counter: 8 out of 10
2025-10-21 06:21:08,741 - {'epoch': 45, 'rec_loss': '6.4662'}
2025-10-21 06:21:14,588 - {'Epoch': 45, 'HR@5': '0.0895', 'NDCG@5': '0.0631', 'HR@10': '0.1223', 'NDCG@10': '0.0736', 'HR@20': '0.1646', 'NDCG@20': '0.0843'}
2025-10-21 06:21:14,588 - EarlyStopping counter: 9 out of 10
2025-10-21 06:21:27,968 - {'epoch': 46, 'rec_loss': '6.4606'}
2025-10-21 06:21:33,863 - {'Epoch': 46, 'HR@5': '0.0877', 'NDCG@5': '0.0618', 'HR@10': '0.1209', 'NDCG@10': '0.0725', 'HR@20': '0.1641', 'NDCG@20': '0.0834'}
2025-10-21 06:21:33,864 - EarlyStopping counter: 10 out of 10
2025-10-21 06:21:33,864 - Early stopping
2025-10-21 06:21:33,864 - ---------------Test Score---------------
2025-10-21 06:21:39,704 - {'Epoch': 0, 'HR@5': '0.0738', 'NDCG@5': '0.0516', 'HR@10': '0.1041', 'NDCG@10': '0.0614', 'HR@20': '0.1391', 'NDCG@20': '0.0703'}
2025-10-21 06:21:39,704 - WEARec_K_50_Beauty_0.5_0.0005_0.2_8.log
2025-10-21 06:21:39,704 - {'Epoch': 0, 'HR@5': '0.0738', 'NDCG@5': '0.0516', 'HR@10': '0.1041', 'NDCG@10': '0.0614', 'HR@20': '0.1391', 'NDCG@20': '0.0703'}
