2025-10-22 17:11:36,634 - Namespace(data_dir='./data/', output_dir='output/', data_name='LastFM', do_eval=False, load_model=None, train_name='WEFTRec_K_100_LastFM_0.5_0.001_0.1_4.log', num_items=10, num_users=1091, lr=0.001, batch_size=256, epochs=200, no_cuda=False, log_freq=1, patience=10, num_workers=0, seed=42, weight_decay=0.0, adam_beta1=0.9, adam_beta2=0.999, gpu_id='0', variance=5, model_type='WEARec', max_seq_length=100, hidden_size=64, num_hidden_layers=2, hidden_act='gelu', num_attention_heads=2, attention_probs_dropout_prob=0.5, hidden_dropout_prob=0.5, initializer_range=0.02, num_heads=4, alpha=0.1, cuda_condition=True, data_file='./data/LastFM.txt', item_size=3647, checkpoint_path='output/WEFTRec_K_100_LastFM_0.5_0.001_0.1_4.log.pt', same_target_path='./data/LastFM_same_target.npy')
2025-10-22 17:11:36,646 - WEARecModel(
  (item_embeddings): Embedding(3647, 64, padding_idx=0)
  (position_embeddings): Embedding(100, 64)
  (LayerNorm): LayerNorm()
  (dropout): Dropout(p=0.5, inplace=False)
  (item_encoder): WEARecEncoder(
    (blocks): ModuleList(
      (0-1): 2 x WEARecBlock(
        (layer): WEARecLayer(
          (adaptive_mlp): Sequential(
            (0): Linear(in_features=64, out_features=64, bias=True)
            (1): GELU(approximate='none')
            (2): Linear(in_features=64, out_features=408, bias=True)
          )
          (out_dropout): Dropout(p=0.5, inplace=False)
          (LayerNorm): LayerNorm()
        )
        (feed_forward): FeedForward(
          (dense_1): Linear(in_features=64, out_features=256, bias=True)
          (dense_2): Linear(in_features=256, out_features=64, bias=True)
          (LayerNorm): LayerNorm()
          (dropout): Dropout(p=0.5, inplace=False)
        )
      )
    )
  )
)
2025-10-22 17:11:42,133 - Total Parameters: 375202
2025-10-22 17:11:48,054 - {'epoch': 0, 'rec_loss': '7.9386'}
2025-10-22 17:11:48,312 - {'Epoch': 0, 'HR@5': '0.0229', 'NDCG@5': '0.0126', 'HR@10': '0.0358', 'NDCG@10': '0.0166', 'HR@20': '0.0550', 'NDCG@20': '0.0215'}
2025-10-22 17:11:48,313 - Validation score increased.  Saving model ...
2025-10-22 17:11:53,893 - {'epoch': 1, 'rec_loss': '7.5777'}
2025-10-22 17:11:54,101 - {'Epoch': 1, 'HR@5': '0.0239', 'NDCG@5': '0.0151', 'HR@10': '0.0367', 'NDCG@10': '0.0192', 'HR@20': '0.0615', 'NDCG@20': '0.0255'}
2025-10-22 17:11:54,102 - Validation score increased.  Saving model ...
2025-10-22 17:11:59,073 - {'epoch': 2, 'rec_loss': '7.2710'}
2025-10-22 17:11:59,273 - {'Epoch': 2, 'HR@5': '0.0303', 'NDCG@5': '0.0223', 'HR@10': '0.0459', 'NDCG@10': '0.0273', 'HR@20': '0.0807', 'NDCG@20': '0.0360'}
2025-10-22 17:11:59,274 - Validation score increased.  Saving model ...
2025-10-22 17:12:04,157 - {'epoch': 3, 'rec_loss': '6.9980'}
2025-10-22 17:12:04,329 - {'Epoch': 3, 'HR@5': '0.0422', 'NDCG@5': '0.0278', 'HR@10': '0.0642', 'NDCG@10': '0.0348', 'HR@20': '0.0954', 'NDCG@20': '0.0427'}
2025-10-22 17:12:04,330 - Validation score increased.  Saving model ...
2025-10-22 17:12:09,455 - {'epoch': 4, 'rec_loss': '6.7389'}
2025-10-22 17:12:09,646 - {'Epoch': 4, 'HR@5': '0.0422', 'NDCG@5': '0.0277', 'HR@10': '0.0697', 'NDCG@10': '0.0367', 'HR@20': '0.1119', 'NDCG@20': '0.0473'}
2025-10-22 17:12:09,647 - Validation score increased.  Saving model ...
2025-10-22 17:12:14,460 - {'epoch': 5, 'rec_loss': '6.5007'}
2025-10-22 17:12:14,650 - {'Epoch': 5, 'HR@5': '0.0550', 'NDCG@5': '0.0363', 'HR@10': '0.0862', 'NDCG@10': '0.0465', 'HR@20': '0.1275', 'NDCG@20': '0.0569'}
2025-10-22 17:12:14,650 - Validation score increased.  Saving model ...
2025-10-22 17:12:19,060 - {'epoch': 6, 'rec_loss': '6.2940'}
2025-10-22 17:12:19,247 - {'Epoch': 6, 'HR@5': '0.0560', 'NDCG@5': '0.0380', 'HR@10': '0.0927', 'NDCG@10': '0.0500', 'HR@20': '0.1275', 'NDCG@20': '0.0589'}
2025-10-22 17:12:19,247 - Validation score increased.  Saving model ...
2025-10-22 17:12:24,548 - {'epoch': 7, 'rec_loss': '6.1259'}
2025-10-22 17:12:24,757 - {'Epoch': 7, 'HR@5': '0.0697', 'NDCG@5': '0.0418', 'HR@10': '0.1046', 'NDCG@10': '0.0532', 'HR@20': '0.1477', 'NDCG@20': '0.0639'}
2025-10-22 17:12:24,757 - Validation score increased.  Saving model ...
2025-10-22 17:12:30,570 - {'epoch': 8, 'rec_loss': '5.9834'}
2025-10-22 17:12:30,766 - {'Epoch': 8, 'HR@5': '0.0661', 'NDCG@5': '0.0417', 'HR@10': '0.0954', 'NDCG@10': '0.0512', 'HR@20': '0.1413', 'NDCG@20': '0.0629'}
2025-10-22 17:12:30,766 - EarlyStopping counter: 1 out of 10
2025-10-22 17:12:35,715 - {'epoch': 9, 'rec_loss': '5.8664'}
2025-10-22 17:12:35,932 - {'Epoch': 9, 'HR@5': '0.0670', 'NDCG@5': '0.0423', 'HR@10': '0.0991', 'NDCG@10': '0.0529', 'HR@20': '0.1550', 'NDCG@20': '0.0668'}
2025-10-22 17:12:35,933 - Validation score increased.  Saving model ...
2025-10-22 17:12:40,904 - {'epoch': 10, 'rec_loss': '5.7760'}
2025-10-22 17:12:41,097 - {'Epoch': 10, 'HR@5': '0.0716', 'NDCG@5': '0.0448', 'HR@10': '0.1028', 'NDCG@10': '0.0549', 'HR@20': '0.1514', 'NDCG@20': '0.0670'}
2025-10-22 17:12:41,098 - Validation score increased.  Saving model ...
2025-10-22 17:12:45,449 - {'epoch': 11, 'rec_loss': '5.6911'}
2025-10-22 17:12:45,723 - {'Epoch': 11, 'HR@5': '0.0651', 'NDCG@5': '0.0421', 'HR@10': '0.1018', 'NDCG@10': '0.0540', 'HR@20': '0.1514', 'NDCG@20': '0.0663'}
2025-10-22 17:12:45,724 - EarlyStopping counter: 1 out of 10
2025-10-22 17:12:50,338 - {'epoch': 12, 'rec_loss': '5.6241'}
2025-10-22 17:12:50,528 - {'Epoch': 12, 'HR@5': '0.0633', 'NDCG@5': '0.0402', 'HR@10': '0.1000', 'NDCG@10': '0.0523', 'HR@20': '0.1560', 'NDCG@20': '0.0663'}
2025-10-22 17:12:50,528 - EarlyStopping counter: 2 out of 10
2025-10-22 17:12:56,025 - {'epoch': 13, 'rec_loss': '5.5763'}
2025-10-22 17:12:56,220 - {'Epoch': 13, 'HR@5': '0.0661', 'NDCG@5': '0.0415', 'HR@10': '0.1028', 'NDCG@10': '0.0532', 'HR@20': '0.1569', 'NDCG@20': '0.0667'}
2025-10-22 17:12:56,220 - EarlyStopping counter: 3 out of 10
2025-10-22 17:13:01,543 - {'epoch': 14, 'rec_loss': '5.5251'}
2025-10-22 17:13:01,767 - {'Epoch': 14, 'HR@5': '0.0725', 'NDCG@5': '0.0458', 'HR@10': '0.1055', 'NDCG@10': '0.0563', 'HR@20': '0.1596', 'NDCG@20': '0.0700'}
2025-10-22 17:13:01,767 - Validation score increased.  Saving model ...
2025-10-22 17:13:06,558 - {'epoch': 15, 'rec_loss': '5.4835'}
2025-10-22 17:13:06,749 - {'Epoch': 15, 'HR@5': '0.0752', 'NDCG@5': '0.0453', 'HR@10': '0.1055', 'NDCG@10': '0.0550', 'HR@20': '0.1523', 'NDCG@20': '0.0667'}
2025-10-22 17:13:06,749 - EarlyStopping counter: 1 out of 10
2025-10-22 17:13:11,112 - {'epoch': 16, 'rec_loss': '5.4508'}
2025-10-22 17:13:11,297 - {'Epoch': 16, 'HR@5': '0.0651', 'NDCG@5': '0.0432', 'HR@10': '0.1037', 'NDCG@10': '0.0556', 'HR@20': '0.1560', 'NDCG@20': '0.0688'}
2025-10-22 17:13:11,298 - EarlyStopping counter: 2 out of 10
2025-10-22 17:13:15,836 - {'epoch': 17, 'rec_loss': '5.4197'}
2025-10-22 17:13:16,066 - {'Epoch': 17, 'HR@5': '0.0670', 'NDCG@5': '0.0427', 'HR@10': '0.1073', 'NDCG@10': '0.0557', 'HR@20': '0.1550', 'NDCG@20': '0.0679'}
2025-10-22 17:13:16,066 - EarlyStopping counter: 3 out of 10
2025-10-22 17:13:20,205 - {'epoch': 18, 'rec_loss': '5.3941'}
2025-10-22 17:13:20,377 - {'Epoch': 18, 'HR@5': '0.0688', 'NDCG@5': '0.0416', 'HR@10': '0.1101', 'NDCG@10': '0.0550', 'HR@20': '0.1661', 'NDCG@20': '0.0692'}
2025-10-22 17:13:20,377 - EarlyStopping counter: 4 out of 10
2025-10-22 17:13:24,326 - {'epoch': 19, 'rec_loss': '5.3636'}
2025-10-22 17:13:24,516 - {'Epoch': 19, 'HR@5': '0.0780', 'NDCG@5': '0.0476', 'HR@10': '0.1211', 'NDCG@10': '0.0618', 'HR@20': '0.1670', 'NDCG@20': '0.0734'}
2025-10-22 17:13:24,516 - Validation score increased.  Saving model ...
2025-10-22 17:13:28,611 - {'epoch': 20, 'rec_loss': '5.3379'}
2025-10-22 17:13:28,789 - {'Epoch': 20, 'HR@5': '0.0688', 'NDCG@5': '0.0449', 'HR@10': '0.1156', 'NDCG@10': '0.0598', 'HR@20': '0.1624', 'NDCG@20': '0.0715'}
2025-10-22 17:13:28,789 - EarlyStopping counter: 1 out of 10
2025-10-22 17:13:33,363 - {'epoch': 21, 'rec_loss': '5.3124'}
2025-10-22 17:13:33,560 - {'Epoch': 21, 'HR@5': '0.0716', 'NDCG@5': '0.0447', 'HR@10': '0.1193', 'NDCG@10': '0.0599', 'HR@20': '0.1679', 'NDCG@20': '0.0722'}
2025-10-22 17:13:33,560 - EarlyStopping counter: 2 out of 10
2025-10-22 17:13:38,591 - {'epoch': 22, 'rec_loss': '5.2956'}
2025-10-22 17:13:38,782 - {'Epoch': 22, 'HR@5': '0.0716', 'NDCG@5': '0.0446', 'HR@10': '0.1156', 'NDCG@10': '0.0588', 'HR@20': '0.1642', 'NDCG@20': '0.0708'}
2025-10-22 17:13:38,782 - EarlyStopping counter: 3 out of 10
2025-10-22 17:13:43,873 - {'epoch': 23, 'rec_loss': '5.2749'}
2025-10-22 17:13:44,063 - {'Epoch': 23, 'HR@5': '0.0734', 'NDCG@5': '0.0468', 'HR@10': '0.1138', 'NDCG@10': '0.0600', 'HR@20': '0.1651', 'NDCG@20': '0.0728'}
2025-10-22 17:13:44,064 - EarlyStopping counter: 4 out of 10
2025-10-22 17:13:48,039 - {'epoch': 24, 'rec_loss': '5.2513'}
2025-10-22 17:13:48,218 - {'Epoch': 24, 'HR@5': '0.0679', 'NDCG@5': '0.0453', 'HR@10': '0.1073', 'NDCG@10': '0.0583', 'HR@20': '0.1578', 'NDCG@20': '0.0711'}
2025-10-22 17:13:48,218 - EarlyStopping counter: 5 out of 10
2025-10-22 17:13:52,471 - {'epoch': 25, 'rec_loss': '5.2354'}
2025-10-22 17:13:52,645 - {'Epoch': 25, 'HR@5': '0.0688', 'NDCG@5': '0.0458', 'HR@10': '0.1174', 'NDCG@10': '0.0617', 'HR@20': '0.1642', 'NDCG@20': '0.0734'}
2025-10-22 17:13:52,645 - EarlyStopping counter: 6 out of 10
2025-10-22 17:13:57,502 - {'epoch': 26, 'rec_loss': '5.2193'}
2025-10-22 17:13:57,701 - {'Epoch': 26, 'HR@5': '0.0697', 'NDCG@5': '0.0473', 'HR@10': '0.1156', 'NDCG@10': '0.0620', 'HR@20': '0.1633', 'NDCG@20': '0.0739'}
2025-10-22 17:13:57,702 - Validation score increased.  Saving model ...
2025-10-22 17:14:02,500 - {'epoch': 27, 'rec_loss': '5.2056'}
2025-10-22 17:14:02,683 - {'Epoch': 27, 'HR@5': '0.0716', 'NDCG@5': '0.0449', 'HR@10': '0.1138', 'NDCG@10': '0.0585', 'HR@20': '0.1587', 'NDCG@20': '0.0698'}
2025-10-22 17:14:02,684 - EarlyStopping counter: 1 out of 10
2025-10-22 17:14:06,382 - {'epoch': 28, 'rec_loss': '5.1876'}
2025-10-22 17:14:06,564 - {'Epoch': 28, 'HR@5': '0.0697', 'NDCG@5': '0.0459', 'HR@10': '0.1128', 'NDCG@10': '0.0600', 'HR@20': '0.1651', 'NDCG@20': '0.0732'}
2025-10-22 17:14:06,564 - EarlyStopping counter: 2 out of 10
2025-10-22 17:14:10,680 - {'epoch': 29, 'rec_loss': '5.1739'}
2025-10-22 17:14:10,897 - {'Epoch': 29, 'HR@5': '0.0670', 'NDCG@5': '0.0449', 'HR@10': '0.1193', 'NDCG@10': '0.0619', 'HR@20': '0.1624', 'NDCG@20': '0.0728'}
2025-10-22 17:14:10,897 - EarlyStopping counter: 3 out of 10
2025-10-22 17:14:16,193 - {'epoch': 30, 'rec_loss': '5.1608'}
2025-10-22 17:14:16,400 - {'Epoch': 30, 'HR@5': '0.0716', 'NDCG@5': '0.0473', 'HR@10': '0.1211', 'NDCG@10': '0.0632', 'HR@20': '0.1761', 'NDCG@20': '0.0769'}
2025-10-22 17:14:16,401 - Validation score increased.  Saving model ...
2025-10-22 17:14:22,318 - {'epoch': 31, 'rec_loss': '5.1461'}
2025-10-22 17:14:22,583 - {'Epoch': 31, 'HR@5': '0.0688', 'NDCG@5': '0.0470', 'HR@10': '0.1156', 'NDCG@10': '0.0620', 'HR@20': '0.1706', 'NDCG@20': '0.0758'}
2025-10-22 17:14:22,583 - EarlyStopping counter: 1 out of 10
2025-10-22 17:14:28,279 - {'epoch': 32, 'rec_loss': '5.1383'}
2025-10-22 17:14:28,487 - {'Epoch': 32, 'HR@5': '0.0789', 'NDCG@5': '0.0514', 'HR@10': '0.1128', 'NDCG@10': '0.0626', 'HR@20': '0.1798', 'NDCG@20': '0.0792'}
2025-10-22 17:14:28,487 - Validation score increased.  Saving model ...
2025-10-22 17:14:33,614 - {'epoch': 33, 'rec_loss': '5.1255'}
2025-10-22 17:14:33,822 - {'Epoch': 33, 'HR@5': '0.0789', 'NDCG@5': '0.0530', 'HR@10': '0.1193', 'NDCG@10': '0.0660', 'HR@20': '0.1706', 'NDCG@20': '0.0789'}
2025-10-22 17:14:33,822 - EarlyStopping counter: 1 out of 10
2025-10-22 17:14:39,477 - {'epoch': 34, 'rec_loss': '5.1128'}
2025-10-22 17:14:39,675 - {'Epoch': 34, 'HR@5': '0.0752', 'NDCG@5': '0.0505', 'HR@10': '0.1193', 'NDCG@10': '0.0647', 'HR@20': '0.1615', 'NDCG@20': '0.0752'}
2025-10-22 17:14:39,676 - EarlyStopping counter: 2 out of 10
2025-10-22 17:14:45,195 - {'epoch': 35, 'rec_loss': '5.0975'}
2025-10-22 17:14:45,371 - {'Epoch': 35, 'HR@5': '0.0789', 'NDCG@5': '0.0511', 'HR@10': '0.1193', 'NDCG@10': '0.0641', 'HR@20': '0.1661', 'NDCG@20': '0.0760'}
2025-10-22 17:14:45,372 - EarlyStopping counter: 3 out of 10
2025-10-22 17:14:49,830 - {'epoch': 36, 'rec_loss': '5.0915'}
2025-10-22 17:14:50,015 - {'Epoch': 36, 'HR@5': '0.0761', 'NDCG@5': '0.0514', 'HR@10': '0.1211', 'NDCG@10': '0.0659', 'HR@20': '0.1679', 'NDCG@20': '0.0776'}
2025-10-22 17:14:50,015 - EarlyStopping counter: 4 out of 10
2025-10-22 17:14:53,864 - {'epoch': 37, 'rec_loss': '5.0812'}
2025-10-22 17:14:54,029 - {'Epoch': 37, 'HR@5': '0.0771', 'NDCG@5': '0.0523', 'HR@10': '0.1257', 'NDCG@10': '0.0683', 'HR@20': '0.1716', 'NDCG@20': '0.0797'}
2025-10-22 17:14:54,030 - Validation score increased.  Saving model ...
2025-10-22 17:14:58,656 - {'epoch': 38, 'rec_loss': '5.0593'}
2025-10-22 17:14:58,840 - {'Epoch': 38, 'HR@5': '0.0780', 'NDCG@5': '0.0540', 'HR@10': '0.1275', 'NDCG@10': '0.0701', 'HR@20': '0.1743', 'NDCG@20': '0.0817'}
2025-10-22 17:14:58,840 - Validation score increased.  Saving model ...
2025-10-22 17:15:04,390 - {'epoch': 39, 'rec_loss': '5.0568'}
2025-10-22 17:15:04,590 - {'Epoch': 39, 'HR@5': '0.0761', 'NDCG@5': '0.0510', 'HR@10': '0.1174', 'NDCG@10': '0.0644', 'HR@20': '0.1679', 'NDCG@20': '0.0769'}
2025-10-22 17:15:04,590 - EarlyStopping counter: 1 out of 10
2025-10-22 17:15:10,394 - {'epoch': 40, 'rec_loss': '5.0506'}
2025-10-22 17:15:10,590 - {'Epoch': 40, 'HR@5': '0.0771', 'NDCG@5': '0.0502', 'HR@10': '0.1220', 'NDCG@10': '0.0647', 'HR@20': '0.1706', 'NDCG@20': '0.0770'}
2025-10-22 17:15:10,591 - EarlyStopping counter: 2 out of 10
2025-10-22 17:15:16,123 - {'epoch': 41, 'rec_loss': '5.0332'}
2025-10-22 17:15:16,303 - {'Epoch': 41, 'HR@5': '0.0798', 'NDCG@5': '0.0533', 'HR@10': '0.1220', 'NDCG@10': '0.0672', 'HR@20': '0.1688', 'NDCG@20': '0.0789'}
2025-10-22 17:15:16,303 - EarlyStopping counter: 3 out of 10
2025-10-22 17:15:22,055 - {'epoch': 42, 'rec_loss': '5.0354'}
2025-10-22 17:15:22,255 - {'Epoch': 42, 'HR@5': '0.0734', 'NDCG@5': '0.0511', 'HR@10': '0.1165', 'NDCG@10': '0.0650', 'HR@20': '0.1670', 'NDCG@20': '0.0776'}
2025-10-22 17:15:22,256 - EarlyStopping counter: 4 out of 10
2025-10-22 17:15:27,470 - {'epoch': 43, 'rec_loss': '5.0213'}
2025-10-22 17:15:27,670 - {'Epoch': 43, 'HR@5': '0.0734', 'NDCG@5': '0.0485', 'HR@10': '0.1193', 'NDCG@10': '0.0633', 'HR@20': '0.1752', 'NDCG@20': '0.0772'}
2025-10-22 17:15:27,670 - EarlyStopping counter: 5 out of 10
2025-10-22 17:15:31,891 - {'epoch': 44, 'rec_loss': '5.0181'}
2025-10-22 17:15:32,066 - {'Epoch': 44, 'HR@5': '0.0807', 'NDCG@5': '0.0534', 'HR@10': '0.1165', 'NDCG@10': '0.0650', 'HR@20': '0.1752', 'NDCG@20': '0.0797'}
2025-10-22 17:15:32,066 - EarlyStopping counter: 6 out of 10
2025-10-22 17:15:35,722 - {'epoch': 45, 'rec_loss': '5.0094'}
2025-10-22 17:15:35,899 - {'Epoch': 45, 'HR@5': '0.0752', 'NDCG@5': '0.0507', 'HR@10': '0.1220', 'NDCG@10': '0.0659', 'HR@20': '0.1670', 'NDCG@20': '0.0771'}
2025-10-22 17:15:35,899 - EarlyStopping counter: 7 out of 10
2025-10-22 17:15:41,038 - {'epoch': 46, 'rec_loss': '5.0013'}
2025-10-22 17:15:41,634 - {'Epoch': 46, 'HR@5': '0.0752', 'NDCG@5': '0.0505', 'HR@10': '0.1174', 'NDCG@10': '0.0642', 'HR@20': '0.1688', 'NDCG@20': '0.0772'}
2025-10-22 17:15:41,634 - EarlyStopping counter: 8 out of 10
2025-10-22 17:15:47,200 - {'epoch': 47, 'rec_loss': '4.9984'}
2025-10-22 17:15:47,394 - {'Epoch': 47, 'HR@5': '0.0761', 'NDCG@5': '0.0521', 'HR@10': '0.1174', 'NDCG@10': '0.0654', 'HR@20': '0.1661', 'NDCG@20': '0.0776'}
2025-10-22 17:15:47,394 - EarlyStopping counter: 9 out of 10
2025-10-22 17:15:52,756 - {'epoch': 48, 'rec_loss': '4.9882'}
2025-10-22 17:15:52,954 - {'Epoch': 48, 'HR@5': '0.0817', 'NDCG@5': '0.0541', 'HR@10': '0.1239', 'NDCG@10': '0.0675', 'HR@20': '0.1642', 'NDCG@20': '0.0776'}
2025-10-22 17:15:52,955 - EarlyStopping counter: 10 out of 10
2025-10-22 17:15:52,955 - Early stopping
2025-10-22 17:15:52,955 - ---------------Test Score---------------
2025-10-22 17:15:53,273 - {'Epoch': 0, 'HR@5': '0.0578', 'NDCG@5': '0.0393', 'HR@10': '0.0890', 'NDCG@10': '0.0494', 'HR@20': '0.1266', 'NDCG@20': '0.0589'}
2025-10-22 17:15:53,274 - WEFTRec_K_100_LastFM_0.5_0.001_0.1_4.log
2025-10-22 17:15:53,274 - {'Epoch': 0, 'HR@5': '0.0578', 'NDCG@5': '0.0393', 'HR@10': '0.0890', 'NDCG@10': '0.0494', 'HR@20': '0.1266', 'NDCG@20': '0.0589'}
