2025-10-22 16:18:07,395 - Namespace(data_dir='./data/', output_dir='output/', data_name='LastFM', do_eval=False, load_model=None, train_name='WEFTRec_K_150_LastFM_0.5_0.0005_0.7_4.log', num_items=10, num_users=1091, lr=0.0005, batch_size=256, epochs=200, no_cuda=False, log_freq=1, patience=10, num_workers=0, seed=42, weight_decay=0.0, adam_beta1=0.9, adam_beta2=0.999, gpu_id='0', variance=5, model_type='WEARec', max_seq_length=150, hidden_size=64, num_hidden_layers=2, hidden_act='gelu', num_attention_heads=2, attention_probs_dropout_prob=0.5, hidden_dropout_prob=0.5, initializer_range=0.02, num_heads=4, alpha=0.7, cuda_condition=True, data_file='./data/LastFM.txt', item_size=3647, checkpoint_path='output/WEFTRec_K_150_LastFM_0.5_0.0005_0.7_4.log.pt', same_target_path='./data/LastFM_same_target.npy')
2025-10-22 16:18:07,500 - WEARecModel(
  (item_embeddings): Embedding(3647, 64, padding_idx=0)
  (position_embeddings): Embedding(150, 64)
  (LayerNorm): LayerNorm()
  (dropout): Dropout(p=0.5, inplace=False)
  (item_encoder): WEARecEncoder(
    (blocks): ModuleList(
      (0-1): 2 x WEARecBlock(
        (layer): WEARecLayer(
          (adaptive_mlp): Sequential(
            (0): Linear(in_features=64, out_features=64, bias=True)
            (1): GELU(approximate='none')
            (2): Linear(in_features=64, out_features=608, bias=True)
          )
          (out_dropout): Dropout(p=0.5, inplace=False)
          (LayerNorm): LayerNorm()
        )
        (feed_forward): FeedForward(
          (dense_1): Linear(in_features=64, out_features=256, bias=True)
          (dense_2): Linear(in_features=256, out_features=64, bias=True)
          (LayerNorm): LayerNorm()
          (dropout): Dropout(p=0.5, inplace=False)
        )
      )
    )
  )
)
2025-10-22 16:18:16,672 - Total Parameters: 408002
2025-10-22 16:18:23,362 - {'epoch': 0, 'rec_loss': '8.0047'}
2025-10-22 16:18:23,633 - {'Epoch': 0, 'HR@5': '0.0165', 'NDCG@5': '0.0101', 'HR@10': '0.0312', 'NDCG@10': '0.0147', 'HR@20': '0.0587', 'NDCG@20': '0.0216'}
2025-10-22 16:18:23,633 - Validation score increased.  Saving model ...
2025-10-22 16:18:32,158 - {'epoch': 1, 'rec_loss': '7.7572'}
2025-10-22 16:18:32,366 - {'Epoch': 1, 'HR@5': '0.0174', 'NDCG@5': '0.0091', 'HR@10': '0.0349', 'NDCG@10': '0.0149', 'HR@20': '0.0560', 'NDCG@20': '0.0202'}
2025-10-22 16:18:32,366 - EarlyStopping counter: 1 out of 10
2025-10-22 16:18:40,652 - {'epoch': 2, 'rec_loss': '7.5746'}
2025-10-22 16:18:40,905 - {'Epoch': 2, 'HR@5': '0.0229', 'NDCG@5': '0.0117', 'HR@10': '0.0358', 'NDCG@10': '0.0157', 'HR@20': '0.0560', 'NDCG@20': '0.0208'}
2025-10-22 16:18:40,906 - EarlyStopping counter: 2 out of 10
2025-10-22 16:18:48,995 - {'epoch': 3, 'rec_loss': '7.3563'}
2025-10-22 16:18:49,475 - {'Epoch': 3, 'HR@5': '0.0284', 'NDCG@5': '0.0182', 'HR@10': '0.0450', 'NDCG@10': '0.0235', 'HR@20': '0.0624', 'NDCG@20': '0.0279'}
2025-10-22 16:18:49,476 - Validation score increased.  Saving model ...
2025-10-22 16:18:57,891 - {'epoch': 4, 'rec_loss': '7.1630'}
2025-10-22 16:18:58,471 - {'Epoch': 4, 'HR@5': '0.0339', 'NDCG@5': '0.0228', 'HR@10': '0.0505', 'NDCG@10': '0.0283', 'HR@20': '0.0789', 'NDCG@20': '0.0354'}
2025-10-22 16:18:58,471 - Validation score increased.  Saving model ...
2025-10-22 16:19:05,661 - {'epoch': 5, 'rec_loss': '6.9863'}
2025-10-22 16:19:05,857 - {'Epoch': 5, 'HR@5': '0.0413', 'NDCG@5': '0.0268', 'HR@10': '0.0606', 'NDCG@10': '0.0329', 'HR@20': '0.0908', 'NDCG@20': '0.0403'}
2025-10-22 16:19:05,858 - Validation score increased.  Saving model ...
2025-10-22 16:19:13,101 - {'epoch': 6, 'rec_loss': '6.8076'}
2025-10-22 16:19:13,374 - {'Epoch': 6, 'HR@5': '0.0404', 'NDCG@5': '0.0247', 'HR@10': '0.0661', 'NDCG@10': '0.0328', 'HR@20': '0.1092', 'NDCG@20': '0.0438'}
2025-10-22 16:19:13,375 - Validation score increased.  Saving model ...
2025-10-22 16:19:22,408 - {'epoch': 7, 'rec_loss': '6.6386'}
2025-10-22 16:19:22,608 - {'Epoch': 7, 'HR@5': '0.0440', 'NDCG@5': '0.0284', 'HR@10': '0.0798', 'NDCG@10': '0.0398', 'HR@20': '0.1156', 'NDCG@20': '0.0490'}
2025-10-22 16:19:22,608 - Validation score increased.  Saving model ...
2025-10-22 16:19:30,346 - {'epoch': 8, 'rec_loss': '6.4807'}
2025-10-22 16:19:30,582 - {'Epoch': 8, 'HR@5': '0.0560', 'NDCG@5': '0.0329', 'HR@10': '0.0798', 'NDCG@10': '0.0405', 'HR@20': '0.1156', 'NDCG@20': '0.0496'}
2025-10-22 16:19:30,582 - Validation score increased.  Saving model ...
2025-10-22 16:19:39,239 - {'epoch': 9, 'rec_loss': '6.3448'}
2025-10-22 16:19:39,765 - {'Epoch': 9, 'HR@5': '0.0505', 'NDCG@5': '0.0324', 'HR@10': '0.0881', 'NDCG@10': '0.0447', 'HR@20': '0.1239', 'NDCG@20': '0.0538'}
2025-10-22 16:19:39,765 - Validation score increased.  Saving model ...
2025-10-22 16:19:46,335 - {'epoch': 10, 'rec_loss': '6.2245'}
2025-10-22 16:19:46,519 - {'Epoch': 10, 'HR@5': '0.0523', 'NDCG@5': '0.0342', 'HR@10': '0.0862', 'NDCG@10': '0.0453', 'HR@20': '0.1303', 'NDCG@20': '0.0562'}
2025-10-22 16:19:46,520 - Validation score increased.  Saving model ...
2025-10-22 16:19:52,861 - {'epoch': 11, 'rec_loss': '6.1175'}
2025-10-22 16:19:53,056 - {'Epoch': 11, 'HR@5': '0.0560', 'NDCG@5': '0.0372', 'HR@10': '0.0872', 'NDCG@10': '0.0472', 'HR@20': '0.1284', 'NDCG@20': '0.0576'}
2025-10-22 16:19:53,057 - Validation score increased.  Saving model ...
2025-10-22 16:19:59,416 - {'epoch': 12, 'rec_loss': '6.0233'}
2025-10-22 16:19:59,890 - {'Epoch': 12, 'HR@5': '0.0651', 'NDCG@5': '0.0423', 'HR@10': '0.0927', 'NDCG@10': '0.0512', 'HR@20': '0.1385', 'NDCG@20': '0.0629'}
2025-10-22 16:19:59,890 - Validation score increased.  Saving model ...
2025-10-22 16:20:06,663 - {'epoch': 13, 'rec_loss': '5.9405'}
2025-10-22 16:20:06,878 - {'Epoch': 13, 'HR@5': '0.0606', 'NDCG@5': '0.0426', 'HR@10': '0.0936', 'NDCG@10': '0.0532', 'HR@20': '0.1394', 'NDCG@20': '0.0649'}
2025-10-22 16:20:06,879 - Validation score increased.  Saving model ...
2025-10-22 16:20:13,626 - {'epoch': 14, 'rec_loss': '5.8571'}
2025-10-22 16:20:13,946 - {'Epoch': 14, 'HR@5': '0.0642', 'NDCG@5': '0.0452', 'HR@10': '0.1018', 'NDCG@10': '0.0571', 'HR@20': '0.1422', 'NDCG@20': '0.0672'}
2025-10-22 16:20:13,947 - Validation score increased.  Saving model ...
2025-10-22 16:20:19,926 - {'epoch': 15, 'rec_loss': '5.7922'}
2025-10-22 16:20:20,101 - {'Epoch': 15, 'HR@5': '0.0624', 'NDCG@5': '0.0430', 'HR@10': '0.0991', 'NDCG@10': '0.0551', 'HR@20': '0.1413', 'NDCG@20': '0.0657'}
2025-10-22 16:20:20,101 - EarlyStopping counter: 1 out of 10
2025-10-22 16:20:26,038 - {'epoch': 16, 'rec_loss': '5.7288'}
2025-10-22 16:20:26,226 - {'Epoch': 16, 'HR@5': '0.0688', 'NDCG@5': '0.0483', 'HR@10': '0.0982', 'NDCG@10': '0.0579', 'HR@20': '0.1486', 'NDCG@20': '0.0706'}
2025-10-22 16:20:26,226 - Validation score increased.  Saving model ...
2025-10-22 16:20:32,795 - {'epoch': 17, 'rec_loss': '5.6728'}
2025-10-22 16:20:33,005 - {'Epoch': 17, 'HR@5': '0.0725', 'NDCG@5': '0.0488', 'HR@10': '0.1028', 'NDCG@10': '0.0587', 'HR@20': '0.1459', 'NDCG@20': '0.0695'}
2025-10-22 16:20:33,005 - EarlyStopping counter: 1 out of 10
2025-10-22 16:20:39,296 - {'epoch': 18, 'rec_loss': '5.6304'}
2025-10-22 16:20:39,505 - {'Epoch': 18, 'HR@5': '0.0743', 'NDCG@5': '0.0501', 'HR@10': '0.1018', 'NDCG@10': '0.0590', 'HR@20': '0.1450', 'NDCG@20': '0.0698'}
2025-10-22 16:20:39,506 - EarlyStopping counter: 2 out of 10
2025-10-22 16:20:45,443 - {'epoch': 19, 'rec_loss': '5.5817'}
2025-10-22 16:20:45,675 - {'Epoch': 19, 'HR@5': '0.0734', 'NDCG@5': '0.0492', 'HR@10': '0.1028', 'NDCG@10': '0.0587', 'HR@20': '0.1495', 'NDCG@20': '0.0705'}
2025-10-22 16:20:45,675 - EarlyStopping counter: 3 out of 10
2025-10-22 16:20:51,470 - {'epoch': 20, 'rec_loss': '5.5455'}
2025-10-22 16:20:51,674 - {'Epoch': 20, 'HR@5': '0.0835', 'NDCG@5': '0.0540', 'HR@10': '0.1073', 'NDCG@10': '0.0617', 'HR@20': '0.1514', 'NDCG@20': '0.0727'}
2025-10-22 16:20:51,674 - Validation score increased.  Saving model ...
2025-10-22 16:20:58,145 - {'epoch': 21, 'rec_loss': '5.5061'}
2025-10-22 16:20:58,338 - {'Epoch': 21, 'HR@5': '0.0725', 'NDCG@5': '0.0497', 'HR@10': '0.1092', 'NDCG@10': '0.0616', 'HR@20': '0.1523', 'NDCG@20': '0.0724'}
2025-10-22 16:20:58,339 - EarlyStopping counter: 1 out of 10
2025-10-22 16:21:03,740 - {'epoch': 22, 'rec_loss': '5.4725'}
2025-10-22 16:21:04,009 - {'Epoch': 22, 'HR@5': '0.0780', 'NDCG@5': '0.0515', 'HR@10': '0.1092', 'NDCG@10': '0.0616', 'HR@20': '0.1523', 'NDCG@20': '0.0724'}
2025-10-22 16:21:04,009 - EarlyStopping counter: 2 out of 10
2025-10-22 16:21:08,424 - {'epoch': 23, 'rec_loss': '5.4554'}
2025-10-22 16:21:08,607 - {'Epoch': 23, 'HR@5': '0.0743', 'NDCG@5': '0.0510', 'HR@10': '0.1092', 'NDCG@10': '0.0623', 'HR@20': '0.1532', 'NDCG@20': '0.0732'}
2025-10-22 16:21:08,607 - Validation score increased.  Saving model ...
2025-10-22 16:21:13,771 - {'epoch': 24, 'rec_loss': '5.4266'}
2025-10-22 16:21:13,982 - {'Epoch': 24, 'HR@5': '0.0761', 'NDCG@5': '0.0507', 'HR@10': '0.1083', 'NDCG@10': '0.0610', 'HR@20': '0.1560', 'NDCG@20': '0.0731'}
2025-10-22 16:21:13,982 - EarlyStopping counter: 1 out of 10
2025-10-22 16:21:20,960 - {'epoch': 25, 'rec_loss': '5.3972'}
2025-10-22 16:21:21,152 - {'Epoch': 25, 'HR@5': '0.0798', 'NDCG@5': '0.0528', 'HR@10': '0.1073', 'NDCG@10': '0.0618', 'HR@20': '0.1624', 'NDCG@20': '0.0754'}
2025-10-22 16:21:21,153 - Validation score increased.  Saving model ...
2025-10-22 16:21:27,219 - {'epoch': 26, 'rec_loss': '5.3703'}
2025-10-22 16:21:27,410 - {'Epoch': 26, 'HR@5': '0.0780', 'NDCG@5': '0.0502', 'HR@10': '0.1119', 'NDCG@10': '0.0614', 'HR@20': '0.1569', 'NDCG@20': '0.0725'}
2025-10-22 16:21:27,410 - EarlyStopping counter: 1 out of 10
2025-10-22 16:21:33,718 - {'epoch': 27, 'rec_loss': '5.3637'}
2025-10-22 16:21:33,923 - {'Epoch': 27, 'HR@5': '0.0798', 'NDCG@5': '0.0548', 'HR@10': '0.1055', 'NDCG@10': '0.0632', 'HR@20': '0.1569', 'NDCG@20': '0.0761'}
2025-10-22 16:21:33,923 - Validation score increased.  Saving model ...
2025-10-22 16:21:39,931 - {'epoch': 28, 'rec_loss': '5.3395'}
2025-10-22 16:21:40,111 - {'Epoch': 28, 'HR@5': '0.0761', 'NDCG@5': '0.0509', 'HR@10': '0.1092', 'NDCG@10': '0.0617', 'HR@20': '0.1505', 'NDCG@20': '0.0720'}
2025-10-22 16:21:40,112 - EarlyStopping counter: 1 out of 10
2025-10-22 16:21:45,891 - {'epoch': 29, 'rec_loss': '5.3206'}
2025-10-22 16:21:46,096 - {'Epoch': 29, 'HR@5': '0.0798', 'NDCG@5': '0.0531', 'HR@10': '0.1128', 'NDCG@10': '0.0640', 'HR@20': '0.1624', 'NDCG@20': '0.0765'}
2025-10-22 16:21:46,096 - Validation score increased.  Saving model ...
2025-10-22 16:21:52,320 - {'epoch': 30, 'rec_loss': '5.3070'}
2025-10-22 16:21:52,521 - {'Epoch': 30, 'HR@5': '0.0789', 'NDCG@5': '0.0505', 'HR@10': '0.1046', 'NDCG@10': '0.0588', 'HR@20': '0.1606', 'NDCG@20': '0.0729'}
2025-10-22 16:21:52,521 - EarlyStopping counter: 1 out of 10
2025-10-22 16:22:00,060 - {'epoch': 31, 'rec_loss': '5.2834'}
2025-10-22 16:22:00,291 - {'Epoch': 31, 'HR@5': '0.0752', 'NDCG@5': '0.0501', 'HR@10': '0.1119', 'NDCG@10': '0.0620', 'HR@20': '0.1550', 'NDCG@20': '0.0726'}
2025-10-22 16:22:00,291 - EarlyStopping counter: 2 out of 10
2025-10-22 16:22:06,723 - {'epoch': 32, 'rec_loss': '5.2744'}
2025-10-22 16:22:06,923 - {'Epoch': 32, 'HR@5': '0.0771', 'NDCG@5': '0.0515', 'HR@10': '0.1147', 'NDCG@10': '0.0637', 'HR@20': '0.1596', 'NDCG@20': '0.0748'}
2025-10-22 16:22:06,924 - EarlyStopping counter: 3 out of 10
2025-10-22 16:22:13,377 - {'epoch': 33, 'rec_loss': '5.2642'}
2025-10-22 16:22:13,645 - {'Epoch': 33, 'HR@5': '0.0752', 'NDCG@5': '0.0499', 'HR@10': '0.1147', 'NDCG@10': '0.0626', 'HR@20': '0.1587', 'NDCG@20': '0.0736'}
2025-10-22 16:22:13,646 - EarlyStopping counter: 4 out of 10
2025-10-22 16:22:19,687 - {'epoch': 34, 'rec_loss': '5.2508'}
2025-10-22 16:22:19,907 - {'Epoch': 34, 'HR@5': '0.0817', 'NDCG@5': '0.0542', 'HR@10': '0.1119', 'NDCG@10': '0.0640', 'HR@20': '0.1606', 'NDCG@20': '0.0762'}
2025-10-22 16:22:19,907 - EarlyStopping counter: 5 out of 10
2025-10-22 16:22:25,845 - {'epoch': 35, 'rec_loss': '5.2347'}
2025-10-22 16:22:26,023 - {'Epoch': 35, 'HR@5': '0.0826', 'NDCG@5': '0.0554', 'HR@10': '0.1128', 'NDCG@10': '0.0652', 'HR@20': '0.1697', 'NDCG@20': '0.0796'}
2025-10-22 16:22:26,023 - Validation score increased.  Saving model ...
2025-10-22 16:22:32,795 - {'epoch': 36, 'rec_loss': '5.2233'}
2025-10-22 16:22:32,996 - {'Epoch': 36, 'HR@5': '0.0752', 'NDCG@5': '0.0508', 'HR@10': '0.1220', 'NDCG@10': '0.0656', 'HR@20': '0.1661', 'NDCG@20': '0.0765'}
2025-10-22 16:22:32,997 - EarlyStopping counter: 1 out of 10
2025-10-22 16:22:40,217 - {'epoch': 37, 'rec_loss': '5.2117'}
2025-10-22 16:22:40,430 - {'Epoch': 37, 'HR@5': '0.0817', 'NDCG@5': '0.0535', 'HR@10': '0.1174', 'NDCG@10': '0.0648', 'HR@20': '0.1615', 'NDCG@20': '0.0760'}
2025-10-22 16:22:40,431 - EarlyStopping counter: 2 out of 10
2025-10-22 16:22:47,760 - {'epoch': 38, 'rec_loss': '5.2076'}
2025-10-22 16:22:47,966 - {'Epoch': 38, 'HR@5': '0.0817', 'NDCG@5': '0.0533', 'HR@10': '0.1202', 'NDCG@10': '0.0656', 'HR@20': '0.1651', 'NDCG@20': '0.0769'}
2025-10-22 16:22:47,966 - EarlyStopping counter: 3 out of 10
2025-10-22 16:22:54,148 - {'epoch': 39, 'rec_loss': '5.1912'}
2025-10-22 16:22:54,350 - {'Epoch': 39, 'HR@5': '0.0817', 'NDCG@5': '0.0542', 'HR@10': '0.1183', 'NDCG@10': '0.0663', 'HR@20': '0.1615', 'NDCG@20': '0.0771'}
2025-10-22 16:22:54,350 - EarlyStopping counter: 4 out of 10
2025-10-22 16:23:00,029 - {'epoch': 40, 'rec_loss': '5.1899'}
2025-10-22 16:23:00,217 - {'Epoch': 40, 'HR@5': '0.0844', 'NDCG@5': '0.0518', 'HR@10': '0.1220', 'NDCG@10': '0.0638', 'HR@20': '0.1633', 'NDCG@20': '0.0743'}
2025-10-22 16:23:00,218 - EarlyStopping counter: 5 out of 10
2025-10-22 16:23:05,581 - {'epoch': 41, 'rec_loss': '5.1789'}
2025-10-22 16:23:05,789 - {'Epoch': 41, 'HR@5': '0.0872', 'NDCG@5': '0.0572', 'HR@10': '0.1165', 'NDCG@10': '0.0667', 'HR@20': '0.1606', 'NDCG@20': '0.0777'}
2025-10-22 16:23:05,789 - EarlyStopping counter: 6 out of 10
2025-10-22 16:23:11,874 - {'epoch': 42, 'rec_loss': '5.1663'}
2025-10-22 16:23:12,055 - {'Epoch': 42, 'HR@5': '0.0862', 'NDCG@5': '0.0573', 'HR@10': '0.1193', 'NDCG@10': '0.0679', 'HR@20': '0.1670', 'NDCG@20': '0.0797'}
2025-10-22 16:23:12,056 - Validation score increased.  Saving model ...
2025-10-22 16:23:19,155 - {'epoch': 43, 'rec_loss': '5.1596'}
2025-10-22 16:23:19,366 - {'Epoch': 43, 'HR@5': '0.0853', 'NDCG@5': '0.0559', 'HR@10': '0.1211', 'NDCG@10': '0.0676', 'HR@20': '0.1624', 'NDCG@20': '0.0778'}
2025-10-22 16:23:19,367 - EarlyStopping counter: 1 out of 10
2025-10-22 16:23:25,963 - {'epoch': 44, 'rec_loss': '5.1426'}
2025-10-22 16:23:26,161 - {'Epoch': 44, 'HR@5': '0.0872', 'NDCG@5': '0.0556', 'HR@10': '0.1183', 'NDCG@10': '0.0660', 'HR@20': '0.1642', 'NDCG@20': '0.0774'}
2025-10-22 16:23:26,161 - EarlyStopping counter: 2 out of 10
2025-10-22 16:23:33,562 - {'epoch': 45, 'rec_loss': '5.1421'}
2025-10-22 16:23:33,772 - {'Epoch': 45, 'HR@5': '0.0817', 'NDCG@5': '0.0549', 'HR@10': '0.1165', 'NDCG@10': '0.0662', 'HR@20': '0.1624', 'NDCG@20': '0.0777'}
2025-10-22 16:23:33,772 - EarlyStopping counter: 3 out of 10
2025-10-22 16:23:41,240 - {'epoch': 46, 'rec_loss': '5.1311'}
2025-10-22 16:23:41,439 - {'Epoch': 46, 'HR@5': '0.0826', 'NDCG@5': '0.0555', 'HR@10': '0.1220', 'NDCG@10': '0.0682', 'HR@20': '0.1633', 'NDCG@20': '0.0784'}
2025-10-22 16:23:41,439 - EarlyStopping counter: 4 out of 10
2025-10-22 16:23:47,259 - {'epoch': 47, 'rec_loss': '5.1164'}
2025-10-22 16:23:47,448 - {'Epoch': 47, 'HR@5': '0.0835', 'NDCG@5': '0.0556', 'HR@10': '0.1183', 'NDCG@10': '0.0669', 'HR@20': '0.1651', 'NDCG@20': '0.0786'}
2025-10-22 16:23:47,449 - EarlyStopping counter: 5 out of 10
2025-10-22 16:23:52,938 - {'epoch': 48, 'rec_loss': '5.1210'}
2025-10-22 16:23:53,132 - {'Epoch': 48, 'HR@5': '0.0789', 'NDCG@5': '0.0518', 'HR@10': '0.1193', 'NDCG@10': '0.0649', 'HR@20': '0.1651', 'NDCG@20': '0.0764'}
2025-10-22 16:23:53,132 - EarlyStopping counter: 6 out of 10
2025-10-22 16:23:59,591 - {'epoch': 49, 'rec_loss': '5.1146'}
2025-10-22 16:23:59,804 - {'Epoch': 49, 'HR@5': '0.0844', 'NDCG@5': '0.0567', 'HR@10': '0.1220', 'NDCG@10': '0.0687', 'HR@20': '0.1651', 'NDCG@20': '0.0796'}
2025-10-22 16:23:59,804 - EarlyStopping counter: 7 out of 10
2025-10-22 16:24:06,853 - {'epoch': 50, 'rec_loss': '5.1029'}
2025-10-22 16:24:07,318 - {'Epoch': 50, 'HR@5': '0.0872', 'NDCG@5': '0.0568', 'HR@10': '0.1165', 'NDCG@10': '0.0663', 'HR@20': '0.1679', 'NDCG@20': '0.0792'}
2025-10-22 16:24:07,319 - EarlyStopping counter: 8 out of 10
2025-10-22 16:24:14,725 - {'epoch': 51, 'rec_loss': '5.0911'}
2025-10-22 16:24:15,027 - {'Epoch': 51, 'HR@5': '0.0835', 'NDCG@5': '0.0566', 'HR@10': '0.1183', 'NDCG@10': '0.0679', 'HR@20': '0.1725', 'NDCG@20': '0.0814'}
2025-10-22 16:24:15,028 - Validation score increased.  Saving model ...
2025-10-22 16:24:21,906 - {'epoch': 52, 'rec_loss': '5.1022'}
2025-10-22 16:24:22,108 - {'Epoch': 52, 'HR@5': '0.0835', 'NDCG@5': '0.0545', 'HR@10': '0.1165', 'NDCG@10': '0.0652', 'HR@20': '0.1651', 'NDCG@20': '0.0776'}
2025-10-22 16:24:22,108 - EarlyStopping counter: 1 out of 10
2025-10-22 16:24:27,752 - {'epoch': 53, 'rec_loss': '5.0780'}
2025-10-22 16:24:27,940 - {'Epoch': 53, 'HR@5': '0.0835', 'NDCG@5': '0.0545', 'HR@10': '0.1138', 'NDCG@10': '0.0644', 'HR@20': '0.1670', 'NDCG@20': '0.0778'}
2025-10-22 16:24:27,940 - EarlyStopping counter: 2 out of 10
2025-10-22 16:24:33,629 - {'epoch': 54, 'rec_loss': '5.0727'}
2025-10-22 16:24:34,212 - {'Epoch': 54, 'HR@5': '0.0817', 'NDCG@5': '0.0515', 'HR@10': '0.1220', 'NDCG@10': '0.0645', 'HR@20': '0.1661', 'NDCG@20': '0.0756'}
2025-10-22 16:24:34,213 - EarlyStopping counter: 3 out of 10
2025-10-22 16:24:38,233 - {'epoch': 55, 'rec_loss': '5.0695'}
2025-10-22 16:24:38,409 - {'Epoch': 55, 'HR@5': '0.0872', 'NDCG@5': '0.0565', 'HR@10': '0.1193', 'NDCG@10': '0.0670', 'HR@20': '0.1706', 'NDCG@20': '0.0802'}
2025-10-22 16:24:38,409 - EarlyStopping counter: 4 out of 10
2025-10-22 16:24:44,286 - {'epoch': 56, 'rec_loss': '5.0624'}
2025-10-22 16:24:44,481 - {'Epoch': 56, 'HR@5': '0.0835', 'NDCG@5': '0.0546', 'HR@10': '0.1239', 'NDCG@10': '0.0678', 'HR@20': '0.1633', 'NDCG@20': '0.0777'}
2025-10-22 16:24:44,481 - EarlyStopping counter: 5 out of 10
2025-10-22 16:24:51,018 - {'epoch': 57, 'rec_loss': '5.0454'}
2025-10-22 16:24:51,338 - {'Epoch': 57, 'HR@5': '0.0908', 'NDCG@5': '0.0581', 'HR@10': '0.1239', 'NDCG@10': '0.0686', 'HR@20': '0.1697', 'NDCG@20': '0.0802'}
2025-10-22 16:24:51,338 - EarlyStopping counter: 6 out of 10
2025-10-22 16:24:58,185 - {'epoch': 58, 'rec_loss': '5.0458'}
2025-10-22 16:24:58,400 - {'Epoch': 58, 'HR@5': '0.0908', 'NDCG@5': '0.0597', 'HR@10': '0.1229', 'NDCG@10': '0.0700', 'HR@20': '0.1688', 'NDCG@20': '0.0815'}
2025-10-22 16:24:58,401 - Validation score increased.  Saving model ...
2025-10-22 16:25:05,211 - {'epoch': 59, 'rec_loss': '5.0429'}
2025-10-22 16:25:05,417 - {'Epoch': 59, 'HR@5': '0.0872', 'NDCG@5': '0.0542', 'HR@10': '0.1229', 'NDCG@10': '0.0657', 'HR@20': '0.1642', 'NDCG@20': '0.0760'}
2025-10-22 16:25:05,417 - EarlyStopping counter: 1 out of 10
2025-10-22 16:25:10,988 - {'epoch': 60, 'rec_loss': '5.0340'}
2025-10-22 16:25:11,208 - {'Epoch': 60, 'HR@5': '0.0917', 'NDCG@5': '0.0591', 'HR@10': '0.1284', 'NDCG@10': '0.0708', 'HR@20': '0.1651', 'NDCG@20': '0.0800'}
2025-10-22 16:25:11,209 - EarlyStopping counter: 2 out of 10
2025-10-22 16:25:16,599 - {'epoch': 61, 'rec_loss': '5.0327'}
2025-10-22 16:25:16,765 - {'Epoch': 61, 'HR@5': '0.0844', 'NDCG@5': '0.0552', 'HR@10': '0.1275', 'NDCG@10': '0.0692', 'HR@20': '0.1697', 'NDCG@20': '0.0796'}
2025-10-22 16:25:16,766 - EarlyStopping counter: 3 out of 10
2025-10-22 16:25:21,892 - {'epoch': 62, 'rec_loss': '5.0316'}
2025-10-22 16:25:22,082 - {'Epoch': 62, 'HR@5': '0.0917', 'NDCG@5': '0.0578', 'HR@10': '0.1239', 'NDCG@10': '0.0682', 'HR@20': '0.1679', 'NDCG@20': '0.0792'}
2025-10-22 16:25:22,082 - EarlyStopping counter: 4 out of 10
2025-10-22 16:25:29,019 - {'epoch': 63, 'rec_loss': '5.0239'}
2025-10-22 16:25:29,234 - {'Epoch': 63, 'HR@5': '0.0881', 'NDCG@5': '0.0579', 'HR@10': '0.1312', 'NDCG@10': '0.0718', 'HR@20': '0.1817', 'NDCG@20': '0.0844'}
2025-10-22 16:25:29,235 - Validation score increased.  Saving model ...
2025-10-22 16:25:35,918 - {'epoch': 64, 'rec_loss': '5.0086'}
2025-10-22 16:25:36,137 - {'Epoch': 64, 'HR@5': '0.0899', 'NDCG@5': '0.0586', 'HR@10': '0.1321', 'NDCG@10': '0.0724', 'HR@20': '0.1679', 'NDCG@20': '0.0813'}
2025-10-22 16:25:36,137 - EarlyStopping counter: 1 out of 10
2025-10-22 16:25:43,223 - {'epoch': 65, 'rec_loss': '5.0126'}
2025-10-22 16:25:43,447 - {'Epoch': 65, 'HR@5': '0.0890', 'NDCG@5': '0.0580', 'HR@10': '0.1248', 'NDCG@10': '0.0695', 'HR@20': '0.1798', 'NDCG@20': '0.0831'}
2025-10-22 16:25:43,447 - EarlyStopping counter: 2 out of 10
2025-10-22 16:25:50,451 - {'epoch': 66, 'rec_loss': '5.0032'}
2025-10-22 16:25:50,670 - {'Epoch': 66, 'HR@5': '0.0844', 'NDCG@5': '0.0557', 'HR@10': '0.1239', 'NDCG@10': '0.0687', 'HR@20': '0.1679', 'NDCG@20': '0.0796'}
2025-10-22 16:25:50,670 - EarlyStopping counter: 3 out of 10
2025-10-22 16:25:56,643 - {'epoch': 67, 'rec_loss': '5.0036'}
2025-10-22 16:25:56,830 - {'Epoch': 67, 'HR@5': '0.0890', 'NDCG@5': '0.0585', 'HR@10': '0.1239', 'NDCG@10': '0.0698', 'HR@20': '0.1688', 'NDCG@20': '0.0812'}
2025-10-22 16:25:56,831 - EarlyStopping counter: 4 out of 10
2025-10-22 16:26:01,759 - {'epoch': 68, 'rec_loss': '4.9943'}
2025-10-22 16:26:01,970 - {'Epoch': 68, 'HR@5': '0.0917', 'NDCG@5': '0.0588', 'HR@10': '0.1239', 'NDCG@10': '0.0692', 'HR@20': '0.1697', 'NDCG@20': '0.0807'}
2025-10-22 16:26:01,971 - EarlyStopping counter: 5 out of 10
2025-10-22 16:26:07,270 - {'epoch': 69, 'rec_loss': '4.9924'}
2025-10-22 16:26:07,479 - {'Epoch': 69, 'HR@5': '0.0872', 'NDCG@5': '0.0559', 'HR@10': '0.1220', 'NDCG@10': '0.0672', 'HR@20': '0.1743', 'NDCG@20': '0.0803'}
2025-10-22 16:26:07,480 - EarlyStopping counter: 6 out of 10
2025-10-22 16:26:15,623 - {'epoch': 70, 'rec_loss': '4.9820'}
2025-10-22 16:26:15,937 - {'Epoch': 70, 'HR@5': '0.0862', 'NDCG@5': '0.0562', 'HR@10': '0.1229', 'NDCG@10': '0.0682', 'HR@20': '0.1725', 'NDCG@20': '0.0806'}
2025-10-22 16:26:15,939 - EarlyStopping counter: 7 out of 10
2025-10-22 16:26:22,736 - {'epoch': 71, 'rec_loss': '4.9883'}
2025-10-22 16:26:22,958 - {'Epoch': 71, 'HR@5': '0.0862', 'NDCG@5': '0.0541', 'HR@10': '0.1239', 'NDCG@10': '0.0662', 'HR@20': '0.1697', 'NDCG@20': '0.0777'}
2025-10-22 16:26:22,958 - EarlyStopping counter: 8 out of 10
2025-10-22 16:26:29,638 - {'epoch': 72, 'rec_loss': '4.9838'}
2025-10-22 16:26:29,835 - {'Epoch': 72, 'HR@5': '0.0890', 'NDCG@5': '0.0586', 'HR@10': '0.1294', 'NDCG@10': '0.0716', 'HR@20': '0.1706', 'NDCG@20': '0.0819'}
2025-10-22 16:26:29,835 - EarlyStopping counter: 9 out of 10
2025-10-22 16:26:36,772 - {'epoch': 73, 'rec_loss': '4.9671'}
2025-10-22 16:26:36,958 - {'Epoch': 73, 'HR@5': '0.0872', 'NDCG@5': '0.0569', 'HR@10': '0.1257', 'NDCG@10': '0.0693', 'HR@20': '0.1706', 'NDCG@20': '0.0806'}
2025-10-22 16:26:36,959 - EarlyStopping counter: 10 out of 10
2025-10-22 16:26:36,959 - Early stopping
2025-10-22 16:26:36,959 - ---------------Test Score---------------
2025-10-22 16:26:37,372 - {'Epoch': 0, 'HR@5': '0.0596', 'NDCG@5': '0.0415', 'HR@10': '0.0927', 'NDCG@10': '0.0522', 'HR@20': '0.1312', 'NDCG@20': '0.0617'}
2025-10-22 16:26:37,373 - WEFTRec_K_150_LastFM_0.5_0.0005_0.7_4.log
2025-10-22 16:26:37,373 - {'Epoch': 0, 'HR@5': '0.0596', 'NDCG@5': '0.0415', 'HR@10': '0.0927', 'NDCG@10': '0.0522', 'HR@20': '0.1312', 'NDCG@20': '0.0617'}
