2025-11-06 09:23:59,061 - Namespace(data_dir='./data/', output_dir='output/', data_name='Foursquare', do_eval=False, load_model=None, train_name='WEFTRec_K_50_Foursquare_0.2_0.001_0.7_1.log', num_items=10, num_users=1084, lr=0.001, batch_size=256, epochs=200, no_cuda=False, log_freq=1, patience=10, num_workers=0, seed=42, weight_decay=0.0, adam_beta1=0.9, adam_beta2=0.999, gpu_id='0', variance=5, model_type='WEARec', max_seq_length=50, hidden_size=64, num_hidden_layers=2, hidden_act='gelu', num_attention_heads=2, attention_probs_dropout_prob=0.5, hidden_dropout_prob=0.2, initializer_range=0.02, num_heads=1, alpha=0.7, cuda_condition=True, data_file='./data/Foursquare.txt', item_size=9990, checkpoint_path='output/WEFTRec_K_50_Foursquare_0.2_0.001_0.7_1.log.pt', same_target_path='./data/Foursquare_same_target.npy')
2025-11-06 09:23:59,081 - WEARecModel(
  (item_embeddings): Embedding(9990, 64, padding_idx=0)
  (position_embeddings): Embedding(50, 64)
  (LayerNorm): LayerNorm()
  (dropout): Dropout(p=0.2, inplace=False)
  (item_encoder): WEARecEncoder(
    (blocks): ModuleList(
      (0-1): 2 x WEARecBlock(
        (layer): WEARecLayer(
          (adaptive_mlp): Sequential(
            (0): Linear(in_features=64, out_features=64, bias=True)
            (1): GELU(approximate='none')
            (2): Linear(in_features=64, out_features=52, bias=True)
          )
          (out_dropout): Dropout(p=0.2, inplace=False)
          (LayerNorm): LayerNorm()
        )
        (feed_forward): FeedForward(
          (dense_1): Linear(in_features=64, out_features=256, bias=True)
          (dense_2): Linear(in_features=256, out_features=64, bias=True)
          (LayerNorm): LayerNorm()
          (dropout): Dropout(p=0.2, inplace=False)
        )
      )
    )
  )
)
2025-11-06 09:24:03,687 - Total Parameters: 727762
2025-11-06 09:24:09,963 - {'epoch': 0, 'rec_loss': '8.2405'}
2025-11-06 09:24:10,228 - {'Epoch': 0, 'HR@5': '0.0074', 'NDCG@5': '0.0040', 'HR@10': '0.0111', 'NDCG@10': '0.0052', 'HR@20': '0.0166', 'NDCG@20': '0.0066'}
2025-11-06 09:24:10,229 - Validation score increased.  Saving model ...
2025-11-06 09:24:16,610 - {'epoch': 1, 'rec_loss': '6.3703'}
2025-11-06 09:24:16,877 - {'Epoch': 1, 'HR@5': '0.0055', 'NDCG@5': '0.0035', 'HR@10': '0.0074', 'NDCG@10': '0.0041', 'HR@20': '0.0111', 'NDCG@20': '0.0051'}
2025-11-06 09:24:16,878 - EarlyStopping counter: 1 out of 10
2025-11-06 09:24:24,201 - {'epoch': 2, 'rec_loss': '5.1482'}
2025-11-06 09:24:24,486 - {'Epoch': 2, 'HR@5': '0.0065', 'NDCG@5': '0.0042', 'HR@10': '0.0111', 'NDCG@10': '0.0057', 'HR@20': '0.0148', 'NDCG@20': '0.0067'}
2025-11-06 09:24:24,486 - Validation score increased.  Saving model ...
2025-11-06 09:24:31,595 - {'epoch': 3, 'rec_loss': '4.5577'}
2025-11-06 09:24:31,872 - {'Epoch': 3, 'HR@5': '0.0092', 'NDCG@5': '0.0049', 'HR@10': '0.0139', 'NDCG@10': '0.0065', 'HR@20': '0.0222', 'NDCG@20': '0.0086'}
2025-11-06 09:24:31,873 - Validation score increased.  Saving model ...
2025-11-06 09:24:39,087 - {'epoch': 4, 'rec_loss': '4.2219'}
2025-11-06 09:24:39,382 - {'Epoch': 4, 'HR@5': '0.0092', 'NDCG@5': '0.0046', 'HR@10': '0.0129', 'NDCG@10': '0.0058', 'HR@20': '0.0231', 'NDCG@20': '0.0084'}
2025-11-06 09:24:39,383 - EarlyStopping counter: 1 out of 10
2025-11-06 09:24:45,755 - {'epoch': 5, 'rec_loss': '3.9945'}
2025-11-06 09:24:46,064 - {'Epoch': 5, 'HR@5': '0.0083', 'NDCG@5': '0.0054', 'HR@10': '0.0120', 'NDCG@10': '0.0066', 'HR@20': '0.0240', 'NDCG@20': '0.0097'}
2025-11-06 09:24:46,064 - Validation score increased.  Saving model ...
2025-11-06 09:24:52,922 - {'epoch': 6, 'rec_loss': '3.8468'}
2025-11-06 09:24:53,191 - {'Epoch': 6, 'HR@5': '0.0083', 'NDCG@5': '0.0055', 'HR@10': '0.0166', 'NDCG@10': '0.0081', 'HR@20': '0.0277', 'NDCG@20': '0.0108'}
2025-11-06 09:24:53,192 - Validation score increased.  Saving model ...
2025-11-06 09:25:00,547 - {'epoch': 7, 'rec_loss': '3.7444'}
2025-11-06 09:25:00,943 - {'Epoch': 7, 'HR@5': '0.0083', 'NDCG@5': '0.0052', 'HR@10': '0.0157', 'NDCG@10': '0.0074', 'HR@20': '0.0268', 'NDCG@20': '0.0103'}
2025-11-06 09:25:00,943 - EarlyStopping counter: 1 out of 10
2025-11-06 09:25:08,820 - {'epoch': 8, 'rec_loss': '3.6662'}
2025-11-06 09:25:09,121 - {'Epoch': 8, 'HR@5': '0.0092', 'NDCG@5': '0.0057', 'HR@10': '0.0157', 'NDCG@10': '0.0077', 'HR@20': '0.0240', 'NDCG@20': '0.0098'}
2025-11-06 09:25:09,121 - EarlyStopping counter: 2 out of 10
2025-11-06 09:25:16,352 - {'epoch': 9, 'rec_loss': '3.6097'}
2025-11-06 09:25:16,662 - {'Epoch': 9, 'HR@5': '0.0139', 'NDCG@5': '0.0087', 'HR@10': '0.0175', 'NDCG@10': '0.0099', 'HR@20': '0.0295', 'NDCG@20': '0.0129'}
2025-11-06 09:25:16,663 - Validation score increased.  Saving model ...
2025-11-06 09:25:23,688 - {'epoch': 10, 'rec_loss': '3.5639'}
2025-11-06 09:25:23,978 - {'Epoch': 10, 'HR@5': '0.0065', 'NDCG@5': '0.0043', 'HR@10': '0.0175', 'NDCG@10': '0.0079', 'HR@20': '0.0268', 'NDCG@20': '0.0102'}
2025-11-06 09:25:23,979 - EarlyStopping counter: 1 out of 10
2025-11-06 09:25:30,299 - {'epoch': 11, 'rec_loss': '3.5232'}
2025-11-06 09:25:30,591 - {'Epoch': 11, 'HR@5': '0.0074', 'NDCG@5': '0.0048', 'HR@10': '0.0166', 'NDCG@10': '0.0078', 'HR@20': '0.0268', 'NDCG@20': '0.0104'}
2025-11-06 09:25:30,591 - EarlyStopping counter: 2 out of 10
2025-11-06 09:25:36,387 - {'epoch': 12, 'rec_loss': '3.4887'}
2025-11-06 09:25:36,663 - {'Epoch': 12, 'HR@5': '0.0102', 'NDCG@5': '0.0061', 'HR@10': '0.0139', 'NDCG@10': '0.0073', 'HR@20': '0.0259', 'NDCG@20': '0.0102'}
2025-11-06 09:25:36,663 - EarlyStopping counter: 3 out of 10
2025-11-06 09:25:42,164 - {'epoch': 13, 'rec_loss': '3.4499'}
2025-11-06 09:25:42,430 - {'Epoch': 13, 'HR@5': '0.0092', 'NDCG@5': '0.0063', 'HR@10': '0.0139', 'NDCG@10': '0.0078', 'HR@20': '0.0286', 'NDCG@20': '0.0115'}
2025-11-06 09:25:42,431 - EarlyStopping counter: 4 out of 10
2025-11-06 09:25:49,660 - {'epoch': 14, 'rec_loss': '3.4181'}
2025-11-06 09:25:49,952 - {'Epoch': 14, 'HR@5': '0.0083', 'NDCG@5': '0.0062', 'HR@10': '0.0157', 'NDCG@10': '0.0085', 'HR@20': '0.0259', 'NDCG@20': '0.0111'}
2025-11-06 09:25:49,953 - EarlyStopping counter: 5 out of 10
2025-11-06 09:25:57,283 - {'epoch': 15, 'rec_loss': '3.3841'}
2025-11-06 09:25:57,573 - {'Epoch': 15, 'HR@5': '0.0074', 'NDCG@5': '0.0055', 'HR@10': '0.0148', 'NDCG@10': '0.0079', 'HR@20': '0.0268', 'NDCG@20': '0.0108'}
2025-11-06 09:25:57,574 - EarlyStopping counter: 6 out of 10
2025-11-06 09:26:04,736 - {'epoch': 16, 'rec_loss': '3.3521'}
2025-11-06 09:26:05,027 - {'Epoch': 16, 'HR@5': '0.0074', 'NDCG@5': '0.0051', 'HR@10': '0.0157', 'NDCG@10': '0.0078', 'HR@20': '0.0249', 'NDCG@20': '0.0101'}
2025-11-06 09:26:05,028 - EarlyStopping counter: 7 out of 10
2025-11-06 09:26:11,391 - {'epoch': 17, 'rec_loss': '3.3292'}
2025-11-06 09:26:11,755 - {'Epoch': 17, 'HR@5': '0.0083', 'NDCG@5': '0.0050', 'HR@10': '0.0111', 'NDCG@10': '0.0059', 'HR@20': '0.0231', 'NDCG@20': '0.0090'}
2025-11-06 09:26:11,756 - EarlyStopping counter: 8 out of 10
2025-11-06 09:26:18,747 - {'epoch': 18, 'rec_loss': '3.2959'}
2025-11-06 09:26:19,472 - {'Epoch': 18, 'HR@5': '0.0102', 'NDCG@5': '0.0057', 'HR@10': '0.0148', 'NDCG@10': '0.0072', 'HR@20': '0.0194', 'NDCG@20': '0.0083'}
2025-11-06 09:26:19,472 - EarlyStopping counter: 9 out of 10
2025-11-06 09:26:26,348 - {'epoch': 19, 'rec_loss': '3.2652'}
2025-11-06 09:26:26,628 - {'Epoch': 19, 'HR@5': '0.0102', 'NDCG@5': '0.0070', 'HR@10': '0.0139', 'NDCG@10': '0.0082', 'HR@20': '0.0212', 'NDCG@20': '0.0101'}
2025-11-06 09:26:26,629 - EarlyStopping counter: 10 out of 10
2025-11-06 09:26:26,629 - Early stopping
2025-11-06 09:26:26,629 - ---------------Test Score---------------
2025-11-06 09:26:26,985 - {'Epoch': 0, 'HR@5': '0.0194', 'NDCG@5': '0.0136', 'HR@10': '0.0259', 'NDCG@10': '0.0157', 'HR@20': '0.0342', 'NDCG@20': '0.0178'}
2025-11-06 09:26:26,985 - WEFTRec_K_50_Foursquare_0.2_0.001_0.7_1.log
2025-11-06 09:26:26,985 - {'Epoch': 0, 'HR@5': '0.0194', 'NDCG@5': '0.0136', 'HR@10': '0.0259', 'NDCG@10': '0.0157', 'HR@20': '0.0342', 'NDCG@20': '0.0178'}
