2025-10-22 18:53:12,765 - Namespace(data_dir='./data/', output_dir='output/', data_name='LastFM', do_eval=False, load_model=None, train_name='WEFTRec_K_200_LastFM_0.5_0.001_0.1_2.log', num_items=10, num_users=1091, lr=0.001, batch_size=256, epochs=200, no_cuda=False, log_freq=1, patience=10, num_workers=0, seed=42, weight_decay=0.0, adam_beta1=0.9, adam_beta2=0.999, gpu_id='0', variance=5, model_type='WEARec', max_seq_length=200, hidden_size=64, num_hidden_layers=2, hidden_act='gelu', num_attention_heads=2, attention_probs_dropout_prob=0.5, hidden_dropout_prob=0.5, initializer_range=0.02, num_heads=2, alpha=0.1, cuda_condition=True, data_file='./data/LastFM.txt', item_size=3647, checkpoint_path='output/WEFTRec_K_200_LastFM_0.5_0.001_0.1_2.log.pt', same_target_path='./data/LastFM_same_target.npy')
2025-10-22 18:53:12,775 - WEARecModel(
  (item_embeddings): Embedding(3647, 64, padding_idx=0)
  (position_embeddings): Embedding(200, 64)
  (LayerNorm): LayerNorm()
  (dropout): Dropout(p=0.5, inplace=False)
  (item_encoder): WEARecEncoder(
    (blocks): ModuleList(
      (0-1): 2 x WEARecBlock(
        (layer): WEARecLayer(
          (adaptive_mlp): Sequential(
            (0): Linear(in_features=64, out_features=64, bias=True)
            (1): GELU(approximate='none')
            (2): Linear(in_features=64, out_features=404, bias=True)
          )
          (out_dropout): Dropout(p=0.5, inplace=False)
          (LayerNorm): LayerNorm()
        )
        (feed_forward): FeedForward(
          (dense_1): Linear(in_features=64, out_features=256, bias=True)
          (dense_2): Linear(in_features=256, out_features=64, bias=True)
          (LayerNorm): LayerNorm()
          (dropout): Dropout(p=0.5, inplace=False)
        )
      )
    )
  )
)
2025-10-22 18:53:17,318 - Total Parameters: 387474
2025-10-22 18:53:24,964 - {'epoch': 0, 'rec_loss': '7.8885'}
2025-10-22 18:53:25,177 - {'Epoch': 0, 'HR@5': '0.0147', 'NDCG@5': '0.0077', 'HR@10': '0.0257', 'NDCG@10': '0.0112', 'HR@20': '0.0523', 'NDCG@20': '0.0179'}
2025-10-22 18:53:25,177 - Validation score increased.  Saving model ...
2025-10-22 18:53:32,268 - {'epoch': 1, 'rec_loss': '7.4812'}
2025-10-22 18:53:32,474 - {'Epoch': 1, 'HR@5': '0.0303', 'NDCG@5': '0.0170', 'HR@10': '0.0450', 'NDCG@10': '0.0216', 'HR@20': '0.0606', 'NDCG@20': '0.0255'}
2025-10-22 18:53:32,475 - Validation score increased.  Saving model ...
2025-10-22 18:53:40,355 - {'epoch': 2, 'rec_loss': '7.1267'}
2025-10-22 18:53:40,579 - {'Epoch': 2, 'HR@5': '0.0321', 'NDCG@5': '0.0247', 'HR@10': '0.0514', 'NDCG@10': '0.0310', 'HR@20': '0.0752', 'NDCG@20': '0.0373'}
2025-10-22 18:53:40,580 - Validation score increased.  Saving model ...
2025-10-22 18:53:49,578 - {'epoch': 3, 'rec_loss': '6.8182'}
2025-10-22 18:53:49,806 - {'Epoch': 3, 'HR@5': '0.0477', 'NDCG@5': '0.0295', 'HR@10': '0.0716', 'NDCG@10': '0.0372', 'HR@20': '0.1000', 'NDCG@20': '0.0443'}
2025-10-22 18:53:49,807 - Validation score increased.  Saving model ...
2025-10-22 18:53:57,848 - {'epoch': 4, 'rec_loss': '6.5287'}
2025-10-22 18:53:58,036 - {'Epoch': 4, 'HR@5': '0.0505', 'NDCG@5': '0.0322', 'HR@10': '0.0807', 'NDCG@10': '0.0420', 'HR@20': '0.1284', 'NDCG@20': '0.0541'}
2025-10-22 18:53:58,036 - Validation score increased.  Saving model ...
2025-10-22 18:54:04,904 - {'epoch': 5, 'rec_loss': '6.2960'}
2025-10-22 18:54:05,178 - {'Epoch': 5, 'HR@5': '0.0569', 'NDCG@5': '0.0389', 'HR@10': '0.0936', 'NDCG@10': '0.0504', 'HR@20': '0.1367', 'NDCG@20': '0.0612'}
2025-10-22 18:54:05,179 - Validation score increased.  Saving model ...
2025-10-22 18:54:12,830 - {'epoch': 6, 'rec_loss': '6.1125'}
2025-10-22 18:54:13,041 - {'Epoch': 6, 'HR@5': '0.0615', 'NDCG@5': '0.0391', 'HR@10': '0.0954', 'NDCG@10': '0.0501', 'HR@20': '0.1404', 'NDCG@20': '0.0614'}
2025-10-22 18:54:13,041 - Validation score increased.  Saving model ...
2025-10-22 18:54:20,929 - {'epoch': 7, 'rec_loss': '5.9712'}
2025-10-22 18:54:21,134 - {'Epoch': 7, 'HR@5': '0.0633', 'NDCG@5': '0.0427', 'HR@10': '0.0972', 'NDCG@10': '0.0535', 'HR@20': '0.1413', 'NDCG@20': '0.0645'}
2025-10-22 18:54:21,135 - Validation score increased.  Saving model ...
2025-10-22 18:54:30,239 - {'epoch': 8, 'rec_loss': '5.8614'}
2025-10-22 18:54:30,423 - {'Epoch': 8, 'HR@5': '0.0596', 'NDCG@5': '0.0409', 'HR@10': '0.0963', 'NDCG@10': '0.0526', 'HR@20': '0.1422', 'NDCG@20': '0.0641'}
2025-10-22 18:54:30,424 - EarlyStopping counter: 1 out of 10
2025-10-22 18:54:39,089 - {'epoch': 9, 'rec_loss': '5.7677'}
2025-10-22 18:54:39,635 - {'Epoch': 9, 'HR@5': '0.0651', 'NDCG@5': '0.0446', 'HR@10': '0.0972', 'NDCG@10': '0.0548', 'HR@20': '0.1587', 'NDCG@20': '0.0702'}
2025-10-22 18:54:39,635 - Validation score increased.  Saving model ...
2025-10-22 18:54:46,305 - {'epoch': 10, 'rec_loss': '5.6857'}
2025-10-22 18:54:46,497 - {'Epoch': 10, 'HR@5': '0.0697', 'NDCG@5': '0.0495', 'HR@10': '0.0972', 'NDCG@10': '0.0583', 'HR@20': '0.1550', 'NDCG@20': '0.0728'}
2025-10-22 18:54:46,498 - Validation score increased.  Saving model ...
2025-10-22 18:54:53,733 - {'epoch': 11, 'rec_loss': '5.6241'}
2025-10-22 18:54:53,936 - {'Epoch': 11, 'HR@5': '0.0725', 'NDCG@5': '0.0483', 'HR@10': '0.1046', 'NDCG@10': '0.0586', 'HR@20': '0.1596', 'NDCG@20': '0.0724'}
2025-10-22 18:54:53,937 - EarlyStopping counter: 1 out of 10
2025-10-22 18:55:01,259 - {'epoch': 12, 'rec_loss': '5.5874'}
2025-10-22 18:55:01,440 - {'Epoch': 12, 'HR@5': '0.0679', 'NDCG@5': '0.0440', 'HR@10': '0.1000', 'NDCG@10': '0.0543', 'HR@20': '0.1468', 'NDCG@20': '0.0658'}
2025-10-22 18:55:01,441 - EarlyStopping counter: 2 out of 10
2025-10-22 18:55:10,529 - {'epoch': 13, 'rec_loss': '5.5410'}
2025-10-22 18:55:10,737 - {'Epoch': 13, 'HR@5': '0.0725', 'NDCG@5': '0.0463', 'HR@10': '0.1018', 'NDCG@10': '0.0557', 'HR@20': '0.1541', 'NDCG@20': '0.0687'}
2025-10-22 18:55:10,737 - EarlyStopping counter: 3 out of 10
2025-10-22 18:55:19,652 - {'epoch': 14, 'rec_loss': '5.5063'}
2025-10-22 18:55:19,986 - {'Epoch': 14, 'HR@5': '0.0734', 'NDCG@5': '0.0488', 'HR@10': '0.1101', 'NDCG@10': '0.0605', 'HR@20': '0.1651', 'NDCG@20': '0.0742'}
2025-10-22 18:55:19,986 - Validation score increased.  Saving model ...
2025-10-22 18:55:27,757 - {'epoch': 15, 'rec_loss': '5.4797'}
2025-10-22 18:55:27,960 - {'Epoch': 15, 'HR@5': '0.0752', 'NDCG@5': '0.0493', 'HR@10': '0.1101', 'NDCG@10': '0.0604', 'HR@20': '0.1716', 'NDCG@20': '0.0758'}
2025-10-22 18:55:27,960 - Validation score increased.  Saving model ...
2025-10-22 18:55:34,505 - {'epoch': 16, 'rec_loss': '5.4396'}
2025-10-22 18:55:34,717 - {'Epoch': 16, 'HR@5': '0.0688', 'NDCG@5': '0.0451', 'HR@10': '0.1028', 'NDCG@10': '0.0560', 'HR@20': '0.1587', 'NDCG@20': '0.0699'}
2025-10-22 18:55:34,717 - EarlyStopping counter: 1 out of 10
2025-10-22 18:55:41,963 - {'epoch': 17, 'rec_loss': '5.4132'}
2025-10-22 18:55:42,431 - {'Epoch': 17, 'HR@5': '0.0743', 'NDCG@5': '0.0528', 'HR@10': '0.1064', 'NDCG@10': '0.0630', 'HR@20': '0.1596', 'NDCG@20': '0.0763'}
2025-10-22 18:55:42,431 - Validation score increased.  Saving model ...
2025-10-22 18:55:50,837 - {'epoch': 18, 'rec_loss': '5.3912'}
2025-10-22 18:55:51,148 - {'Epoch': 18, 'HR@5': '0.0743', 'NDCG@5': '0.0514', 'HR@10': '0.1165', 'NDCG@10': '0.0648', 'HR@20': '0.1661', 'NDCG@20': '0.0771'}
2025-10-22 18:55:51,148 - Validation score increased.  Saving model ...
2025-10-22 18:55:59,078 - {'epoch': 19, 'rec_loss': '5.3671'}
2025-10-22 18:55:59,270 - {'Epoch': 19, 'HR@5': '0.0789', 'NDCG@5': '0.0531', 'HR@10': '0.1101', 'NDCG@10': '0.0632', 'HR@20': '0.1697', 'NDCG@20': '0.0782'}
2025-10-22 18:55:59,271 - Validation score increased.  Saving model ...
2025-10-22 18:56:06,250 - {'epoch': 20, 'rec_loss': '5.3466'}
2025-10-22 18:56:06,448 - {'Epoch': 20, 'HR@5': '0.0853', 'NDCG@5': '0.0552', 'HR@10': '0.1193', 'NDCG@10': '0.0657', 'HR@20': '0.1734', 'NDCG@20': '0.0792'}
2025-10-22 18:56:06,448 - Validation score increased.  Saving model ...
2025-10-22 18:56:12,777 - {'epoch': 21, 'rec_loss': '5.3230'}
2025-10-22 18:56:13,074 - {'Epoch': 21, 'HR@5': '0.0734', 'NDCG@5': '0.0503', 'HR@10': '0.1147', 'NDCG@10': '0.0636', 'HR@20': '0.1706', 'NDCG@20': '0.0776'}
2025-10-22 18:56:13,074 - EarlyStopping counter: 1 out of 10
2025-10-22 18:56:20,401 - {'epoch': 22, 'rec_loss': '5.3118'}
2025-10-22 18:56:20,579 - {'Epoch': 22, 'HR@5': '0.0771', 'NDCG@5': '0.0511', 'HR@10': '0.1046', 'NDCG@10': '0.0601', 'HR@20': '0.1624', 'NDCG@20': '0.0748'}
2025-10-22 18:56:20,579 - EarlyStopping counter: 2 out of 10
2025-10-22 18:56:28,682 - {'epoch': 23, 'rec_loss': '5.2907'}
2025-10-22 18:56:28,902 - {'Epoch': 23, 'HR@5': '0.0716', 'NDCG@5': '0.0462', 'HR@10': '0.1119', 'NDCG@10': '0.0591', 'HR@20': '0.1661', 'NDCG@20': '0.0726'}
2025-10-22 18:56:28,902 - EarlyStopping counter: 3 out of 10
2025-10-22 18:56:38,349 - {'epoch': 24, 'rec_loss': '5.2784'}
2025-10-22 18:56:38,604 - {'Epoch': 24, 'HR@5': '0.0761', 'NDCG@5': '0.0496', 'HR@10': '0.1083', 'NDCG@10': '0.0601', 'HR@20': '0.1651', 'NDCG@20': '0.0746'}
2025-10-22 18:56:38,604 - EarlyStopping counter: 4 out of 10
2025-10-22 18:56:47,491 - {'epoch': 25, 'rec_loss': '5.2590'}
2025-10-22 18:56:47,692 - {'Epoch': 25, 'HR@5': '0.0761', 'NDCG@5': '0.0493', 'HR@10': '0.1110', 'NDCG@10': '0.0605', 'HR@20': '0.1734', 'NDCG@20': '0.0762'}
2025-10-22 18:56:47,692 - EarlyStopping counter: 5 out of 10
2025-10-22 18:56:54,968 - {'epoch': 26, 'rec_loss': '5.2508'}
2025-10-22 18:56:55,192 - {'Epoch': 26, 'HR@5': '0.0752', 'NDCG@5': '0.0512', 'HR@10': '0.1211', 'NDCG@10': '0.0659', 'HR@20': '0.1761', 'NDCG@20': '0.0798'}
2025-10-22 18:56:55,192 - Validation score increased.  Saving model ...
2025-10-22 18:57:01,616 - {'epoch': 27, 'rec_loss': '5.2314'}
2025-10-22 18:57:01,813 - {'Epoch': 27, 'HR@5': '0.0844', 'NDCG@5': '0.0526', 'HR@10': '0.1257', 'NDCG@10': '0.0658', 'HR@20': '0.1761', 'NDCG@20': '0.0783'}
2025-10-22 18:57:01,814 - EarlyStopping counter: 1 out of 10
2025-10-22 18:57:08,877 - {'epoch': 28, 'rec_loss': '5.2158'}
2025-10-22 18:57:09,098 - {'Epoch': 28, 'HR@5': '0.0853', 'NDCG@5': '0.0574', 'HR@10': '0.1183', 'NDCG@10': '0.0679', 'HR@20': '0.1725', 'NDCG@20': '0.0814'}
2025-10-22 18:57:09,099 - Validation score increased.  Saving model ...
2025-10-22 18:57:17,591 - {'epoch': 29, 'rec_loss': '5.2066'}
2025-10-22 18:57:17,773 - {'Epoch': 29, 'HR@5': '0.0844', 'NDCG@5': '0.0548', 'HR@10': '0.1248', 'NDCG@10': '0.0678', 'HR@20': '0.1752', 'NDCG@20': '0.0803'}
2025-10-22 18:57:17,774 - EarlyStopping counter: 1 out of 10
2025-10-22 18:57:26,765 - {'epoch': 30, 'rec_loss': '5.1993'}
2025-10-22 18:57:26,961 - {'Epoch': 30, 'HR@5': '0.0826', 'NDCG@5': '0.0542', 'HR@10': '0.1211', 'NDCG@10': '0.0668', 'HR@20': '0.1752', 'NDCG@20': '0.0803'}
2025-10-22 18:57:26,961 - EarlyStopping counter: 2 out of 10
2025-10-22 18:57:35,489 - {'epoch': 31, 'rec_loss': '5.1868'}
2025-10-22 18:57:35,693 - {'Epoch': 31, 'HR@5': '0.0826', 'NDCG@5': '0.0537', 'HR@10': '0.1193', 'NDCG@10': '0.0654', 'HR@20': '0.1752', 'NDCG@20': '0.0795'}
2025-10-22 18:57:35,693 - EarlyStopping counter: 3 out of 10
2025-10-22 18:57:42,212 - {'epoch': 32, 'rec_loss': '5.1831'}
2025-10-22 18:57:42,393 - {'Epoch': 32, 'HR@5': '0.0890', 'NDCG@5': '0.0578', 'HR@10': '0.1257', 'NDCG@10': '0.0696', 'HR@20': '0.1752', 'NDCG@20': '0.0821'}
2025-10-22 18:57:42,394 - Validation score increased.  Saving model ...
2025-10-22 18:57:47,440 - {'epoch': 33, 'rec_loss': '5.1525'}
2025-10-22 18:57:47,632 - {'Epoch': 33, 'HR@5': '0.0853', 'NDCG@5': '0.0519', 'HR@10': '0.1248', 'NDCG@10': '0.0645', 'HR@20': '0.1752', 'NDCG@20': '0.0773'}
2025-10-22 18:57:47,632 - EarlyStopping counter: 1 out of 10
2025-10-22 18:57:54,811 - {'epoch': 34, 'rec_loss': '5.1508'}
2025-10-22 18:57:55,026 - {'Epoch': 34, 'HR@5': '0.0890', 'NDCG@5': '0.0568', 'HR@10': '0.1248', 'NDCG@10': '0.0682', 'HR@20': '0.1734', 'NDCG@20': '0.0806'}
2025-10-22 18:57:55,026 - EarlyStopping counter: 2 out of 10
2025-10-22 18:58:03,572 - {'epoch': 35, 'rec_loss': '5.1455'}
2025-10-22 18:58:03,777 - {'Epoch': 35, 'HR@5': '0.0881', 'NDCG@5': '0.0575', 'HR@10': '0.1284', 'NDCG@10': '0.0704', 'HR@20': '0.1780', 'NDCG@20': '0.0831'}
2025-10-22 18:58:03,777 - Validation score increased.  Saving model ...
2025-10-22 18:58:13,079 - {'epoch': 36, 'rec_loss': '5.1433'}
2025-10-22 18:58:13,311 - {'Epoch': 36, 'HR@5': '0.0890', 'NDCG@5': '0.0585', 'HR@10': '0.1275', 'NDCG@10': '0.0710', 'HR@20': '0.1798', 'NDCG@20': '0.0842'}
2025-10-22 18:58:13,312 - Validation score increased.  Saving model ...
2025-10-22 18:58:19,785 - {'epoch': 37, 'rec_loss': '5.1265'}
2025-10-22 18:58:19,984 - {'Epoch': 37, 'HR@5': '0.0826', 'NDCG@5': '0.0576', 'HR@10': '0.1220', 'NDCG@10': '0.0704', 'HR@20': '0.1771', 'NDCG@20': '0.0842'}
2025-10-22 18:58:19,985 - Validation score increased.  Saving model ...
2025-10-22 18:58:26,175 - {'epoch': 38, 'rec_loss': '5.1145'}
2025-10-22 18:58:26,459 - {'Epoch': 38, 'HR@5': '0.0817', 'NDCG@5': '0.0545', 'HR@10': '0.1248', 'NDCG@10': '0.0684', 'HR@20': '0.1743', 'NDCG@20': '0.0809'}
2025-10-22 18:58:26,459 - EarlyStopping counter: 1 out of 10
2025-10-22 18:58:34,007 - {'epoch': 39, 'rec_loss': '5.1082'}
2025-10-22 18:58:34,217 - {'Epoch': 39, 'HR@5': '0.0807', 'NDCG@5': '0.0544', 'HR@10': '0.1229', 'NDCG@10': '0.0681', 'HR@20': '0.1771', 'NDCG@20': '0.0817'}
2025-10-22 18:58:34,217 - EarlyStopping counter: 2 out of 10
2025-10-22 18:58:43,071 - {'epoch': 40, 'rec_loss': '5.0983'}
2025-10-22 18:58:43,295 - {'Epoch': 40, 'HR@5': '0.0844', 'NDCG@5': '0.0571', 'HR@10': '0.1239', 'NDCG@10': '0.0697', 'HR@20': '0.1789', 'NDCG@20': '0.0837'}
2025-10-22 18:58:43,296 - EarlyStopping counter: 3 out of 10
2025-10-22 18:58:52,057 - {'epoch': 41, 'rec_loss': '5.0980'}
2025-10-22 18:58:52,501 - {'Epoch': 41, 'HR@5': '0.0890', 'NDCG@5': '0.0573', 'HR@10': '0.1367', 'NDCG@10': '0.0728', 'HR@20': '0.1725', 'NDCG@20': '0.0819'}
2025-10-22 18:58:52,502 - EarlyStopping counter: 4 out of 10
2025-10-22 18:59:00,676 - {'epoch': 42, 'rec_loss': '5.0859'}
2025-10-22 18:59:01,138 - {'Epoch': 42, 'HR@5': '0.0927', 'NDCG@5': '0.0585', 'HR@10': '0.1330', 'NDCG@10': '0.0715', 'HR@20': '0.1752', 'NDCG@20': '0.0821'}
2025-10-22 18:59:01,138 - EarlyStopping counter: 5 out of 10
2025-10-22 18:59:07,183 - {'epoch': 43, 'rec_loss': '5.0761'}
2025-10-22 18:59:07,361 - {'Epoch': 43, 'HR@5': '0.0927', 'NDCG@5': '0.0588', 'HR@10': '0.1303', 'NDCG@10': '0.0711', 'HR@20': '0.1780', 'NDCG@20': '0.0830'}
2025-10-22 18:59:07,362 - EarlyStopping counter: 6 out of 10
2025-10-22 18:59:13,224 - {'epoch': 44, 'rec_loss': '5.0699'}
2025-10-22 18:59:13,418 - {'Epoch': 44, 'HR@5': '0.0862', 'NDCG@5': '0.0572', 'HR@10': '0.1257', 'NDCG@10': '0.0700', 'HR@20': '0.1734', 'NDCG@20': '0.0819'}
2025-10-22 18:59:13,419 - EarlyStopping counter: 7 out of 10
2025-10-22 18:59:20,696 - {'epoch': 45, 'rec_loss': '5.0661'}
2025-10-22 18:59:20,894 - {'Epoch': 45, 'HR@5': '0.0853', 'NDCG@5': '0.0561', 'HR@10': '0.1266', 'NDCG@10': '0.0696', 'HR@20': '0.1743', 'NDCG@20': '0.0816'}
2025-10-22 18:59:20,895 - EarlyStopping counter: 8 out of 10
2025-10-22 18:59:29,158 - {'epoch': 46, 'rec_loss': '5.0593'}
2025-10-22 18:59:29,382 - {'Epoch': 46, 'HR@5': '0.0881', 'NDCG@5': '0.0584', 'HR@10': '0.1257', 'NDCG@10': '0.0708', 'HR@20': '0.1734', 'NDCG@20': '0.0828'}
2025-10-22 18:59:29,382 - EarlyStopping counter: 9 out of 10
2025-10-22 18:59:37,957 - {'epoch': 47, 'rec_loss': '5.0446'}
2025-10-22 18:59:38,169 - {'Epoch': 47, 'HR@5': '0.0899', 'NDCG@5': '0.0594', 'HR@10': '0.1303', 'NDCG@10': '0.0722', 'HR@20': '0.1752', 'NDCG@20': '0.0835'}
2025-10-22 18:59:38,169 - EarlyStopping counter: 10 out of 10
2025-10-22 18:59:38,169 - Early stopping
2025-10-22 18:59:38,169 - ---------------Test Score---------------
2025-10-22 18:59:38,483 - {'Epoch': 0, 'HR@5': '0.0661', 'NDCG@5': '0.0456', 'HR@10': '0.0972', 'NDCG@10': '0.0556', 'HR@20': '0.1477', 'NDCG@20': '0.0682'}
2025-10-22 18:59:38,483 - WEFTRec_K_200_LastFM_0.5_0.001_0.1_2.log
2025-10-22 18:59:38,483 - {'Epoch': 0, 'HR@5': '0.0661', 'NDCG@5': '0.0456', 'HR@10': '0.0972', 'NDCG@10': '0.0556', 'HR@20': '0.1477', 'NDCG@20': '0.0682'}
