2025-10-22 19:31:39,852 - Namespace(data_dir='./data/', output_dir='output/', data_name='LastFM', do_eval=False, load_model=None, train_name='WEFTRec_K_200_LastFM_0.5_0.001_0.2_8.log', num_items=10, num_users=1091, lr=0.001, batch_size=256, epochs=200, no_cuda=False, log_freq=1, patience=10, num_workers=0, seed=42, weight_decay=0.0, adam_beta1=0.9, adam_beta2=0.999, gpu_id='0', variance=5, model_type='WEARec', max_seq_length=200, hidden_size=64, num_hidden_layers=2, hidden_act='gelu', num_attention_heads=2, attention_probs_dropout_prob=0.5, hidden_dropout_prob=0.5, initializer_range=0.02, num_heads=8, alpha=0.2, cuda_condition=True, data_file='./data/LastFM.txt', item_size=3647, checkpoint_path='output/WEFTRec_K_200_LastFM_0.5_0.001_0.2_8.log.pt', same_target_path='./data/LastFM_same_target.npy')
2025-10-22 19:31:39,899 - WEARecModel(
  (item_embeddings): Embedding(3647, 64, padding_idx=0)
  (position_embeddings): Embedding(200, 64)
  (LayerNorm): LayerNorm()
  (dropout): Dropout(p=0.5, inplace=False)
  (item_encoder): WEARecEncoder(
    (blocks): ModuleList(
      (0-1): 2 x WEARecBlock(
        (layer): WEARecLayer(
          (adaptive_mlp): Sequential(
            (0): Linear(in_features=64, out_features=64, bias=True)
            (1): GELU(approximate='none')
            (2): Linear(in_features=64, out_features=1616, bias=True)
          )
          (out_dropout): Dropout(p=0.5, inplace=False)
          (LayerNorm): LayerNorm()
        )
        (feed_forward): FeedForward(
          (dense_1): Linear(in_features=64, out_features=256, bias=True)
          (dense_2): Linear(in_features=256, out_features=64, bias=True)
          (LayerNorm): LayerNorm()
          (dropout): Dropout(p=0.5, inplace=False)
        )
      )
    )
  )
)
2025-10-22 19:31:44,525 - Total Parameters: 547458
2025-10-22 19:31:50,969 - {'epoch': 0, 'rec_loss': '7.8824'}
2025-10-22 19:31:51,165 - {'Epoch': 0, 'HR@5': '0.0110', 'NDCG@5': '0.0071', 'HR@10': '0.0275', 'NDCG@10': '0.0124', 'HR@20': '0.0541', 'NDCG@20': '0.0190'}
2025-10-22 19:31:51,166 - Validation score increased.  Saving model ...
2025-10-22 19:31:58,990 - {'epoch': 1, 'rec_loss': '7.4551'}
2025-10-22 19:31:59,249 - {'Epoch': 1, 'HR@5': '0.0248', 'NDCG@5': '0.0155', 'HR@10': '0.0468', 'NDCG@10': '0.0224', 'HR@20': '0.0679', 'NDCG@20': '0.0277'}
2025-10-22 19:31:59,249 - Validation score increased.  Saving model ...
2025-10-22 19:32:07,566 - {'epoch': 2, 'rec_loss': '7.1299'}
2025-10-22 19:32:07,853 - {'Epoch': 2, 'HR@5': '0.0330', 'NDCG@5': '0.0222', 'HR@10': '0.0468', 'NDCG@10': '0.0268', 'HR@20': '0.0826', 'NDCG@20': '0.0358'}
2025-10-22 19:32:07,854 - Validation score increased.  Saving model ...
2025-10-22 19:32:15,828 - {'epoch': 3, 'rec_loss': '6.8331'}
2025-10-22 19:32:16,086 - {'Epoch': 3, 'HR@5': '0.0459', 'NDCG@5': '0.0315', 'HR@10': '0.0697', 'NDCG@10': '0.0391', 'HR@20': '0.1083', 'NDCG@20': '0.0488'}
2025-10-22 19:32:16,086 - Validation score increased.  Saving model ...
2025-10-22 19:32:25,098 - {'epoch': 4, 'rec_loss': '6.5385'}
2025-10-22 19:32:25,319 - {'Epoch': 4, 'HR@5': '0.0523', 'NDCG@5': '0.0333', 'HR@10': '0.0844', 'NDCG@10': '0.0437', 'HR@20': '0.1330', 'NDCG@20': '0.0560'}
2025-10-22 19:32:25,320 - Validation score increased.  Saving model ...
2025-10-22 19:32:33,309 - {'epoch': 5, 'rec_loss': '6.3055'}
2025-10-22 19:32:33,649 - {'Epoch': 5, 'HR@5': '0.0661', 'NDCG@5': '0.0414', 'HR@10': '0.0917', 'NDCG@10': '0.0496', 'HR@20': '0.1422', 'NDCG@20': '0.0623'}
2025-10-22 19:32:33,650 - Validation score increased.  Saving model ...
2025-10-22 19:32:41,655 - {'epoch': 6, 'rec_loss': '6.1321'}
2025-10-22 19:32:41,997 - {'Epoch': 6, 'HR@5': '0.0761', 'NDCG@5': '0.0444', 'HR@10': '0.1046', 'NDCG@10': '0.0537', 'HR@20': '0.1523', 'NDCG@20': '0.0655'}
2025-10-22 19:32:41,997 - Validation score increased.  Saving model ...
2025-10-22 19:32:50,016 - {'epoch': 7, 'rec_loss': '5.9900'}
2025-10-22 19:32:50,239 - {'Epoch': 7, 'HR@5': '0.0633', 'NDCG@5': '0.0428', 'HR@10': '0.1064', 'NDCG@10': '0.0568', 'HR@20': '0.1505', 'NDCG@20': '0.0680'}
2025-10-22 19:32:50,240 - Validation score increased.  Saving model ...
2025-10-22 19:32:57,735 - {'epoch': 8, 'rec_loss': '5.8803'}
2025-10-22 19:32:57,939 - {'Epoch': 8, 'HR@5': '0.0789', 'NDCG@5': '0.0490', 'HR@10': '0.1101', 'NDCG@10': '0.0590', 'HR@20': '0.1532', 'NDCG@20': '0.0699'}
2025-10-22 19:32:57,939 - Validation score increased.  Saving model ...
2025-10-22 19:33:06,456 - {'epoch': 9, 'rec_loss': '5.7809'}
2025-10-22 19:33:06,657 - {'Epoch': 9, 'HR@5': '0.0771', 'NDCG@5': '0.0508', 'HR@10': '0.1156', 'NDCG@10': '0.0632', 'HR@20': '0.1661', 'NDCG@20': '0.0757'}
2025-10-22 19:33:06,657 - Validation score increased.  Saving model ...
2025-10-22 19:33:14,359 - {'epoch': 10, 'rec_loss': '5.7141'}
2025-10-22 19:33:14,591 - {'Epoch': 10, 'HR@5': '0.0807', 'NDCG@5': '0.0510', 'HR@10': '0.1119', 'NDCG@10': '0.0610', 'HR@20': '0.1642', 'NDCG@20': '0.0741'}
2025-10-22 19:33:14,591 - EarlyStopping counter: 1 out of 10
2025-10-22 19:33:22,713 - {'epoch': 11, 'rec_loss': '5.6362'}
2025-10-22 19:33:22,927 - {'Epoch': 11, 'HR@5': '0.0817', 'NDCG@5': '0.0531', 'HR@10': '0.1147', 'NDCG@10': '0.0636', 'HR@20': '0.1633', 'NDCG@20': '0.0760'}
2025-10-22 19:33:22,927 - Validation score increased.  Saving model ...
2025-10-22 19:33:30,436 - {'epoch': 12, 'rec_loss': '5.5844'}
2025-10-22 19:33:30,737 - {'Epoch': 12, 'HR@5': '0.0752', 'NDCG@5': '0.0495', 'HR@10': '0.1257', 'NDCG@10': '0.0658', 'HR@20': '0.1734', 'NDCG@20': '0.0779'}
2025-10-22 19:33:30,737 - Validation score increased.  Saving model ...
2025-10-22 19:33:38,971 - {'epoch': 13, 'rec_loss': '5.5387'}
2025-10-22 19:33:39,172 - {'Epoch': 13, 'HR@5': '0.0761', 'NDCG@5': '0.0504', 'HR@10': '0.1174', 'NDCG@10': '0.0636', 'HR@20': '0.1697', 'NDCG@20': '0.0768'}
2025-10-22 19:33:39,172 - EarlyStopping counter: 1 out of 10
2025-10-22 19:33:47,614 - {'epoch': 14, 'rec_loss': '5.4969'}
2025-10-22 19:33:47,957 - {'Epoch': 14, 'HR@5': '0.0853', 'NDCG@5': '0.0548', 'HR@10': '0.1239', 'NDCG@10': '0.0671', 'HR@20': '0.1771', 'NDCG@20': '0.0804'}
2025-10-22 19:33:47,958 - Validation score increased.  Saving model ...
2025-10-22 19:33:55,803 - {'epoch': 15, 'rec_loss': '5.4586'}
2025-10-22 19:33:56,000 - {'Epoch': 15, 'HR@5': '0.0872', 'NDCG@5': '0.0572', 'HR@10': '0.1183', 'NDCG@10': '0.0672', 'HR@20': '0.1706', 'NDCG@20': '0.0802'}
2025-10-22 19:33:56,001 - EarlyStopping counter: 1 out of 10
2025-10-22 19:34:03,399 - {'epoch': 16, 'rec_loss': '5.4258'}
2025-10-22 19:34:03,586 - {'Epoch': 16, 'HR@5': '0.0789', 'NDCG@5': '0.0517', 'HR@10': '0.1147', 'NDCG@10': '0.0631', 'HR@20': '0.1706', 'NDCG@20': '0.0772'}
2025-10-22 19:34:03,586 - EarlyStopping counter: 2 out of 10
2025-10-22 19:34:10,978 - {'epoch': 17, 'rec_loss': '5.3986'}
2025-10-22 19:34:11,189 - {'Epoch': 17, 'HR@5': '0.0817', 'NDCG@5': '0.0541', 'HR@10': '0.1211', 'NDCG@10': '0.0667', 'HR@20': '0.1706', 'NDCG@20': '0.0791'}
2025-10-22 19:34:11,189 - EarlyStopping counter: 3 out of 10
2025-10-22 19:34:18,248 - {'epoch': 18, 'rec_loss': '5.3772'}
2025-10-22 19:34:18,433 - {'Epoch': 18, 'HR@5': '0.0835', 'NDCG@5': '0.0546', 'HR@10': '0.1211', 'NDCG@10': '0.0667', 'HR@20': '0.1697', 'NDCG@20': '0.0787'}
2025-10-22 19:34:18,434 - EarlyStopping counter: 4 out of 10
2025-10-22 19:34:26,960 - {'epoch': 19, 'rec_loss': '5.3510'}
2025-10-22 19:34:27,150 - {'Epoch': 19, 'HR@5': '0.0817', 'NDCG@5': '0.0524', 'HR@10': '0.1229', 'NDCG@10': '0.0655', 'HR@20': '0.1679', 'NDCG@20': '0.0768'}
2025-10-22 19:34:27,150 - EarlyStopping counter: 5 out of 10
2025-10-22 19:34:35,923 - {'epoch': 20, 'rec_loss': '5.3187'}
2025-10-22 19:34:36,254 - {'Epoch': 20, 'HR@5': '0.0835', 'NDCG@5': '0.0555', 'HR@10': '0.1147', 'NDCG@10': '0.0657', 'HR@20': '0.1734', 'NDCG@20': '0.0807'}
2025-10-22 19:34:36,254 - Validation score increased.  Saving model ...
2025-10-22 19:34:42,396 - {'epoch': 21, 'rec_loss': '5.2982'}
2025-10-22 19:34:42,606 - {'Epoch': 21, 'HR@5': '0.0844', 'NDCG@5': '0.0546', 'HR@10': '0.1193', 'NDCG@10': '0.0656', 'HR@20': '0.1743', 'NDCG@20': '0.0793'}
2025-10-22 19:34:42,607 - EarlyStopping counter: 1 out of 10
2025-10-22 19:34:49,005 - {'epoch': 22, 'rec_loss': '5.2844'}
2025-10-22 19:34:49,208 - {'Epoch': 22, 'HR@5': '0.0817', 'NDCG@5': '0.0528', 'HR@10': '0.1183', 'NDCG@10': '0.0646', 'HR@20': '0.1670', 'NDCG@20': '0.0769'}
2025-10-22 19:34:49,209 - EarlyStopping counter: 2 out of 10
2025-10-22 19:34:56,595 - {'epoch': 23, 'rec_loss': '5.2601'}
2025-10-22 19:34:56,778 - {'Epoch': 23, 'HR@5': '0.0798', 'NDCG@5': '0.0525', 'HR@10': '0.1239', 'NDCG@10': '0.0663', 'HR@20': '0.1688', 'NDCG@20': '0.0777'}
2025-10-22 19:34:56,778 - EarlyStopping counter: 3 out of 10
2025-10-22 19:35:04,504 - {'epoch': 24, 'rec_loss': '5.2394'}
2025-10-22 19:35:04,738 - {'Epoch': 24, 'HR@5': '0.0826', 'NDCG@5': '0.0545', 'HR@10': '0.1248', 'NDCG@10': '0.0680', 'HR@20': '0.1761', 'NDCG@20': '0.0809'}
2025-10-22 19:35:04,739 - Validation score increased.  Saving model ...
2025-10-22 19:35:13,333 - {'epoch': 25, 'rec_loss': '5.2236'}
2025-10-22 19:35:13,546 - {'Epoch': 25, 'HR@5': '0.0789', 'NDCG@5': '0.0500', 'HR@10': '0.1156', 'NDCG@10': '0.0619', 'HR@20': '0.1716', 'NDCG@20': '0.0763'}
2025-10-22 19:35:13,546 - EarlyStopping counter: 1 out of 10
2025-10-22 19:35:21,463 - {'epoch': 26, 'rec_loss': '5.2136'}
2025-10-22 19:35:21,660 - {'Epoch': 26, 'HR@5': '0.0798', 'NDCG@5': '0.0532', 'HR@10': '0.1303', 'NDCG@10': '0.0693', 'HR@20': '0.1789', 'NDCG@20': '0.0815'}
2025-10-22 19:35:21,660 - Validation score increased.  Saving model ...
2025-10-22 19:35:29,150 - {'epoch': 27, 'rec_loss': '5.1913'}
2025-10-22 19:35:29,330 - {'Epoch': 27, 'HR@5': '0.0862', 'NDCG@5': '0.0538', 'HR@10': '0.1248', 'NDCG@10': '0.0663', 'HR@20': '0.1706', 'NDCG@20': '0.0777'}
2025-10-22 19:35:29,330 - EarlyStopping counter: 1 out of 10
2025-10-22 19:35:36,070 - {'epoch': 28, 'rec_loss': '5.1827'}
2025-10-22 19:35:36,278 - {'Epoch': 28, 'HR@5': '0.0817', 'NDCG@5': '0.0518', 'HR@10': '0.1303', 'NDCG@10': '0.0671', 'HR@20': '0.1835', 'NDCG@20': '0.0805'}
2025-10-22 19:35:36,278 - EarlyStopping counter: 2 out of 10
2025-10-22 19:35:44,568 - {'epoch': 29, 'rec_loss': '5.1711'}
2025-10-22 19:35:44,822 - {'Epoch': 29, 'HR@5': '0.0862', 'NDCG@5': '0.0530', 'HR@10': '0.1275', 'NDCG@10': '0.0662', 'HR@20': '0.1881', 'NDCG@20': '0.0814'}
2025-10-22 19:35:44,823 - EarlyStopping counter: 3 out of 10
2025-10-22 19:35:53,467 - {'epoch': 30, 'rec_loss': '5.1560'}
2025-10-22 19:35:53,704 - {'Epoch': 30, 'HR@5': '0.0826', 'NDCG@5': '0.0515', 'HR@10': '0.1312', 'NDCG@10': '0.0670', 'HR@20': '0.1789', 'NDCG@20': '0.0791'}
2025-10-22 19:35:53,705 - EarlyStopping counter: 4 out of 10
2025-10-22 19:36:01,772 - {'epoch': 31, 'rec_loss': '5.1457'}
2025-10-22 19:36:01,963 - {'Epoch': 31, 'HR@5': '0.0817', 'NDCG@5': '0.0525', 'HR@10': '0.1128', 'NDCG@10': '0.0626', 'HR@20': '0.1761', 'NDCG@20': '0.0786'}
2025-10-22 19:36:01,963 - EarlyStopping counter: 5 out of 10
2025-10-22 19:36:09,490 - {'epoch': 32, 'rec_loss': '5.1256'}
2025-10-22 19:36:09,731 - {'Epoch': 32, 'HR@5': '0.0817', 'NDCG@5': '0.0530', 'HR@10': '0.1229', 'NDCG@10': '0.0664', 'HR@20': '0.1853', 'NDCG@20': '0.0823'}
2025-10-22 19:36:09,731 - Validation score increased.  Saving model ...
2025-10-22 19:36:16,230 - {'epoch': 33, 'rec_loss': '5.1295'}
2025-10-22 19:36:16,449 - {'Epoch': 33, 'HR@5': '0.0789', 'NDCG@5': '0.0501', 'HR@10': '0.1303', 'NDCG@10': '0.0667', 'HR@20': '0.1761', 'NDCG@20': '0.0783'}
2025-10-22 19:36:16,450 - EarlyStopping counter: 1 out of 10
2025-10-22 19:36:23,783 - {'epoch': 34, 'rec_loss': '5.1114'}
2025-10-22 19:36:23,982 - {'Epoch': 34, 'HR@5': '0.0844', 'NDCG@5': '0.0545', 'HR@10': '0.1248', 'NDCG@10': '0.0673', 'HR@20': '0.1771', 'NDCG@20': '0.0806'}
2025-10-22 19:36:23,983 - EarlyStopping counter: 2 out of 10
2025-10-22 19:36:32,672 - {'epoch': 35, 'rec_loss': '5.0968'}
2025-10-22 19:36:32,913 - {'Epoch': 35, 'HR@5': '0.0798', 'NDCG@5': '0.0523', 'HR@10': '0.1239', 'NDCG@10': '0.0666', 'HR@20': '0.1716', 'NDCG@20': '0.0786'}
2025-10-22 19:36:32,913 - EarlyStopping counter: 3 out of 10
2025-10-22 19:36:41,910 - {'epoch': 36, 'rec_loss': '5.0871'}
2025-10-22 19:36:42,113 - {'Epoch': 36, 'HR@5': '0.0835', 'NDCG@5': '0.0537', 'HR@10': '0.1239', 'NDCG@10': '0.0665', 'HR@20': '0.1780', 'NDCG@20': '0.0801'}
2025-10-22 19:36:42,114 - EarlyStopping counter: 4 out of 10
2025-10-22 19:36:50,116 - {'epoch': 37, 'rec_loss': '5.0801'}
2025-10-22 19:36:50,327 - {'Epoch': 37, 'HR@5': '0.0761', 'NDCG@5': '0.0504', 'HR@10': '0.1284', 'NDCG@10': '0.0671', 'HR@20': '0.1872', 'NDCG@20': '0.0817'}
2025-10-22 19:36:50,327 - EarlyStopping counter: 5 out of 10
2025-10-22 19:36:56,605 - {'epoch': 38, 'rec_loss': '5.0700'}
2025-10-22 19:36:56,822 - {'Epoch': 38, 'HR@5': '0.0835', 'NDCG@5': '0.0554', 'HR@10': '0.1248', 'NDCG@10': '0.0688', 'HR@20': '0.1817', 'NDCG@20': '0.0829'}
2025-10-22 19:36:56,823 - Validation score increased.  Saving model ...
2025-10-22 19:37:03,264 - {'epoch': 39, 'rec_loss': '5.0625'}
2025-10-22 19:37:03,477 - {'Epoch': 39, 'HR@5': '0.0835', 'NDCG@5': '0.0534', 'HR@10': '0.1312', 'NDCG@10': '0.0688', 'HR@20': '0.1853', 'NDCG@20': '0.0825'}
2025-10-22 19:37:03,478 - EarlyStopping counter: 1 out of 10
2025-10-22 19:37:11,774 - {'epoch': 40, 'rec_loss': '5.0558'}
2025-10-22 19:37:12,002 - {'Epoch': 40, 'HR@5': '0.0899', 'NDCG@5': '0.0567', 'HR@10': '0.1257', 'NDCG@10': '0.0683', 'HR@20': '0.1817', 'NDCG@20': '0.0825'}
2025-10-22 19:37:12,003 - EarlyStopping counter: 2 out of 10
2025-10-22 19:37:20,694 - {'epoch': 41, 'rec_loss': '5.0466'}
2025-10-22 19:37:21,048 - {'Epoch': 41, 'HR@5': '0.0862', 'NDCG@5': '0.0547', 'HR@10': '0.1294', 'NDCG@10': '0.0687', 'HR@20': '0.1881', 'NDCG@20': '0.0832'}
2025-10-22 19:37:21,048 - Validation score increased.  Saving model ...
2025-10-22 19:37:29,435 - {'epoch': 42, 'rec_loss': '5.0414'}
2025-10-22 19:37:29,701 - {'Epoch': 42, 'HR@5': '0.0835', 'NDCG@5': '0.0530', 'HR@10': '0.1294', 'NDCG@10': '0.0680', 'HR@20': '0.1789', 'NDCG@20': '0.0803'}
2025-10-22 19:37:29,702 - EarlyStopping counter: 1 out of 10
2025-10-22 19:37:36,489 - {'epoch': 43, 'rec_loss': '5.0254'}
2025-10-22 19:37:36,706 - {'Epoch': 43, 'HR@5': '0.0872', 'NDCG@5': '0.0559', 'HR@10': '0.1275', 'NDCG@10': '0.0690', 'HR@20': '0.1872', 'NDCG@20': '0.0840'}
2025-10-22 19:37:36,707 - Validation score increased.  Saving model ...
2025-10-22 19:37:41,954 - {'epoch': 44, 'rec_loss': '5.0201'}
2025-10-22 19:37:42,162 - {'Epoch': 44, 'HR@5': '0.0862', 'NDCG@5': '0.0582', 'HR@10': '0.1275', 'NDCG@10': '0.0714', 'HR@20': '0.1835', 'NDCG@20': '0.0854'}
2025-10-22 19:37:42,162 - Validation score increased.  Saving model ...
2025-10-22 19:37:48,506 - {'epoch': 45, 'rec_loss': '5.0157'}
2025-10-22 19:37:48,720 - {'Epoch': 45, 'HR@5': '0.0936', 'NDCG@5': '0.0611', 'HR@10': '0.1284', 'NDCG@10': '0.0721', 'HR@20': '0.1853', 'NDCG@20': '0.0863'}
2025-10-22 19:37:48,721 - Validation score increased.  Saving model ...
2025-10-22 19:37:57,525 - {'epoch': 46, 'rec_loss': '5.0096'}
2025-10-22 19:37:57,731 - {'Epoch': 46, 'HR@5': '0.0862', 'NDCG@5': '0.0558', 'HR@10': '0.1321', 'NDCG@10': '0.0706', 'HR@20': '0.1826', 'NDCG@20': '0.0833'}
2025-10-22 19:37:57,731 - EarlyStopping counter: 1 out of 10
2025-10-22 19:38:06,500 - {'epoch': 47, 'rec_loss': '5.0010'}
2025-10-22 19:38:06,709 - {'Epoch': 47, 'HR@5': '0.0890', 'NDCG@5': '0.0563', 'HR@10': '0.1349', 'NDCG@10': '0.0711', 'HR@20': '0.1899', 'NDCG@20': '0.0849'}
2025-10-22 19:38:06,710 - EarlyStopping counter: 2 out of 10
2025-10-22 19:38:15,574 - {'epoch': 48, 'rec_loss': '4.9929'}
2025-10-22 19:38:15,838 - {'Epoch': 48, 'HR@5': '0.0881', 'NDCG@5': '0.0571', 'HR@10': '0.1339', 'NDCG@10': '0.0719', 'HR@20': '0.1826', 'NDCG@20': '0.0843'}
2025-10-22 19:38:15,838 - EarlyStopping counter: 3 out of 10
2025-10-22 19:38:22,727 - {'epoch': 49, 'rec_loss': '4.9853'}
2025-10-22 19:38:22,924 - {'Epoch': 49, 'HR@5': '0.0872', 'NDCG@5': '0.0588', 'HR@10': '0.1248', 'NDCG@10': '0.0709', 'HR@20': '0.1872', 'NDCG@20': '0.0868'}
2025-10-22 19:38:22,925 - Validation score increased.  Saving model ...
2025-10-22 19:38:29,392 - {'epoch': 50, 'rec_loss': '4.9833'}
2025-10-22 19:38:29,734 - {'Epoch': 50, 'HR@5': '0.0872', 'NDCG@5': '0.0596', 'HR@10': '0.1303', 'NDCG@10': '0.0737', 'HR@20': '0.1917', 'NDCG@20': '0.0891'}
2025-10-22 19:38:29,734 - Validation score increased.  Saving model ...
2025-10-22 19:38:37,404 - {'epoch': 51, 'rec_loss': '4.9720'}
2025-10-22 19:38:37,597 - {'Epoch': 51, 'HR@5': '0.0835', 'NDCG@5': '0.0552', 'HR@10': '0.1303', 'NDCG@10': '0.0702', 'HR@20': '0.1927', 'NDCG@20': '0.0858'}
2025-10-22 19:38:37,597 - EarlyStopping counter: 1 out of 10
2025-10-22 19:38:45,371 - {'epoch': 52, 'rec_loss': '4.9691'}
2025-10-22 19:38:45,566 - {'Epoch': 52, 'HR@5': '0.0899', 'NDCG@5': '0.0582', 'HR@10': '0.1266', 'NDCG@10': '0.0702', 'HR@20': '0.1908', 'NDCG@20': '0.0861'}
2025-10-22 19:38:45,566 - EarlyStopping counter: 2 out of 10
2025-10-22 19:38:53,896 - {'epoch': 53, 'rec_loss': '4.9635'}
2025-10-22 19:38:54,120 - {'Epoch': 53, 'HR@5': '0.0862', 'NDCG@5': '0.0589', 'HR@10': '0.1248', 'NDCG@10': '0.0716', 'HR@20': '0.1853', 'NDCG@20': '0.0868'}
2025-10-22 19:38:54,120 - EarlyStopping counter: 3 out of 10
2025-10-22 19:39:01,780 - {'epoch': 54, 'rec_loss': '4.9630'}
2025-10-22 19:39:01,968 - {'Epoch': 54, 'HR@5': '0.0853', 'NDCG@5': '0.0567', 'HR@10': '0.1202', 'NDCG@10': '0.0680', 'HR@20': '0.1771', 'NDCG@20': '0.0824'}
2025-10-22 19:39:01,969 - EarlyStopping counter: 4 out of 10
2025-10-22 19:39:08,624 - {'epoch': 55, 'rec_loss': '4.9569'}
2025-10-22 19:39:08,830 - {'Epoch': 55, 'HR@5': '0.0872', 'NDCG@5': '0.0572', 'HR@10': '0.1303', 'NDCG@10': '0.0711', 'HR@20': '0.1780', 'NDCG@20': '0.0832'}
2025-10-22 19:39:08,830 - EarlyStopping counter: 5 out of 10
2025-10-22 19:39:15,921 - {'epoch': 56, 'rec_loss': '4.9521'}
2025-10-22 19:39:16,126 - {'Epoch': 56, 'HR@5': '0.0954', 'NDCG@5': '0.0600', 'HR@10': '0.1257', 'NDCG@10': '0.0694', 'HR@20': '0.1780', 'NDCG@20': '0.0825'}
2025-10-22 19:39:16,127 - EarlyStopping counter: 6 out of 10
2025-10-22 19:39:24,747 - {'epoch': 57, 'rec_loss': '4.9389'}
2025-10-22 19:39:24,944 - {'Epoch': 57, 'HR@5': '0.0917', 'NDCG@5': '0.0618', 'HR@10': '0.1284', 'NDCG@10': '0.0738', 'HR@20': '0.1835', 'NDCG@20': '0.0875'}
2025-10-22 19:39:24,945 - EarlyStopping counter: 7 out of 10
2025-10-22 19:39:33,620 - {'epoch': 58, 'rec_loss': '4.9376'}
2025-10-22 19:39:33,841 - {'Epoch': 58, 'HR@5': '0.0862', 'NDCG@5': '0.0557', 'HR@10': '0.1284', 'NDCG@10': '0.0695', 'HR@20': '0.1862', 'NDCG@20': '0.0838'}
2025-10-22 19:39:33,842 - EarlyStopping counter: 8 out of 10
2025-10-22 19:39:42,088 - {'epoch': 59, 'rec_loss': '4.9338'}
2025-10-22 19:39:42,392 - {'Epoch': 59, 'HR@5': '0.0899', 'NDCG@5': '0.0609', 'HR@10': '0.1275', 'NDCG@10': '0.0731', 'HR@20': '0.1798', 'NDCG@20': '0.0860'}
2025-10-22 19:39:42,393 - EarlyStopping counter: 9 out of 10
2025-10-22 19:39:49,716 - {'epoch': 60, 'rec_loss': '4.9262'}
2025-10-22 19:39:49,938 - {'Epoch': 60, 'HR@5': '0.0908', 'NDCG@5': '0.0586', 'HR@10': '0.1275', 'NDCG@10': '0.0704', 'HR@20': '0.1807', 'NDCG@20': '0.0838'}
2025-10-22 19:39:49,939 - EarlyStopping counter: 10 out of 10
2025-10-22 19:39:49,939 - Early stopping
2025-10-22 19:39:49,939 - ---------------Test Score---------------
2025-10-22 19:39:50,164 - {'Epoch': 0, 'HR@5': '0.0624', 'NDCG@5': '0.0438', 'HR@10': '0.0972', 'NDCG@10': '0.0547', 'HR@20': '0.1413', 'NDCG@20': '0.0660'}
2025-10-22 19:39:50,165 - WEFTRec_K_200_LastFM_0.5_0.001_0.2_8.log
2025-10-22 19:39:50,165 - {'Epoch': 0, 'HR@5': '0.0624', 'NDCG@5': '0.0438', 'HR@10': '0.0972', 'NDCG@10': '0.0547', 'HR@20': '0.1413', 'NDCG@20': '0.0660'}
